<?xml version="1.0" encoding="utf-8"?>
<shfbBuild product="Sandcastle Help File Builder" version="2015.1.12.0" projectFile="Z:\dev\github\RockDocs\Rock.Core.shfbproj" started="3/30/2015 10:26:13 PM">
<buildStep step="Initializing">
Finding tools...
The Sandcastle tools are located in &#39;Z:\dev\github\SHFB\SHFB\Deploy\&#39;
Locating components in the following folder(s):
   Z:\dev\github\RockDocs
Using presentation style &#39;VS2013&#39; located in &#39;Z:\dev\github\SHFB\SHFB\Deploy\PresentationStyles\VS2013&#39;
Loading and initializing plug-ins...
Lightweight Website Style Version 2015.1.12.0
Copyright &#169; 2006-2015, Eric Woodruff, All Rights Reserved
Portions Copyright &#169; 2014, Sam Harwell, All Rights Reserved
</buildStep>
<buildStep step="ValidatingDocumentationSources">
Validating and copying documentation source information
Source: Z:\dev\github\Rock.Core\Rock.Core\bin\Debug\Rock.Core.dll
    Found assembly &#39;Z:\dev\github\Rock.Core\Rock.Core\bin\Debug\Rock.Core.dll&#39;
SHFB: Warning BE0062: No XML comments files found.  The help file will not contain any member comments.
</buildStep>
<buildStep step="GenerateSharedContent">
Generating shared content files (en-US, English (United States))...
<plugIn name="Lightweight Website Style" behavior="After" priority="1000">
</plugIn>    Last step completed in 00:00:00.0219
</buildStep>
<buildStep step="GenerateApiFilter">
Generating API filter for MRefBuilder...
    Last step completed in 00:00:00.0020
</buildStep>
<buildStep step="GenerateReflectionInfo">
Generating reflection information...
[C:\Windows\Microsoft.NET\Framework64\v4.0.30319\MSBuild.exe]
Build started 3/30/2015 10:26:14 PM.
Project &quot;C:\Temp\sandcastle_working\GenerateRefInfo.proj&quot; on node 1 (default targets).
PrepareForBuild:
  Creating directory &quot;obj\Debug\&quot;.
GenerateRefInfo:
  MRefBuilder (v2015.1.12.0)
  Copyright c 2006-2015, Microsoft Corporation, All Rights Reserved.
  Portions Copyright c 2006-2014, Eric Woodruff, All Rights Reserved.
  Loaded 1 assemblies for reflection and 1 dependency assemblies.
  Wrote information on 19 namespaces, 103 types, and 269 members
  Copying file from &quot;reflection.org&quot; to &quot;reflection.all&quot;.
  XslTransform (v2015.1.12.0)
  Copyright c 2006-2015, Microsoft Corporation, All Rights Reserved.
  Portions Copyright c 2006-2014, Eric Woodruff, All Rights Reserved.
  Applying XSL transformation &#39;Z:\dev\github\SHFB\SHFB\Deploy\ProductionTransforms\MergeDuplicates.xsl&#39;.
Done Building Project &quot;C:\Temp\sandcastle_working\GenerateRefInfo.proj&quot; (default targets).

Build succeeded.

Time Elapsed 00:00:01.13
    Last step completed in 00:00:01.2798
</buildStep>
<buildStep step="TransformReflectionInfo">
Transforming reflection output...
[C:\Windows\Microsoft.NET\Framework64\v4.0.30319\MSBuild.exe]
Build started 3/30/2015 10:26:15 PM.
Project &quot;C:\Temp\sandcastle_working\TransformManifest.proj&quot; on node 1 (default targets).
TransformManifest:
  XslTransform (v2015.1.12.0)
  Copyright c 2006-2015, Microsoft Corporation, All Rights Reserved.
  Portions Copyright c 2006-2014, Eric Woodruff, All Rights Reserved.
  Applying XSL transformation &#39;C:\Program Files (x86)\EWSoftware\Sandcastle Help File Builder\\ProductionTransforms\ApplyVSDocModel.xsl&#39;.
  Copying file from &quot;reflection.xml&quot; to &quot;reflection.nofilenames&quot;.
  XslTransform (v2015.1.12.0)
  Copyright c 2006-2015, Microsoft Corporation, All Rights Reserved.
  Portions Copyright c 2006-2014, Eric Woodruff, All Rights Reserved.
  Applying XSL transformation &#39;Z:\dev\github\SHFB\SHFB\Deploy\ProductionTransforms\AddFilenames.xsl&#39;.
    Unique name M_Rock_ApplicationId_SetCurrent_1 generated for M:Rock.ApplicationId.SetCurrent(System.String)
    Unique name M_Rock_AppSettingsApplicationIdProvider__ctor_1 generated for M:Rock.AppSettingsApplicationIdProvider.#ctor(System.String)
    Unique name M_Rock_Collections_ConcatExtensions_Concat__1_1 generated for M:Rock.Collections.ConcatExtensions.Concat``1(``0,System.Collections.Generic.IEnumerable{``0})
    Unique name M_Rock_Collections_DeepEqualityComparer__ctor_1 generated for M:Rock.Collections.DeepEqualityComparer.#ctor(Rock.Collections.DeepEqualityComparer.IConfiguration)
    Unique name M_Rock_Collections_DeepEqualityComparer_1__ctor_1 generated for M:Rock.Collections.DeepEqualityComparer`1.#ctor(Rock.Collections.DeepEqualityComparer.IConfiguration)
    Unique name M_Rock_Collections_SerializableDictionary_2__ctor_1 generated for M:Rock.Collections.SerializableDictionary`2.#ctor(System.Runtime.Serialization.SerializationInfo,System.Runtime.Serialization.StreamingContext)
    Unique name M_Rock_Collections_SerializableDictionary_2__ctor_2 generated for M:Rock.Collections.SerializableDictionary`2.#ctor(System.Xml.Serialization.XmlSerializer,System.Xml.Serialization.XmlSerializer)
    Unique name M_Rock_Configuration_InvalidConfigurationException__ctor_1 generated for M:Rock.Configuration.InvalidConfigurationException.#ctor(System.Runtime.Serialization.SerializationInfo,System.Runtime.Serialization.StreamingContext)
    Unique name M_Rock_Configuration_InvalidConfigurationException__ctor_2 generated for M:Rock.Configuration.InvalidConfigurationException.#ctor(System.String,System.Exception,System.String)
    Unique name M_Rock_Configuration_InvalidConfigurationException__ctor_3 generated for M:Rock.Configuration.InvalidConfigurationException.#ctor(System.String,System.String)
    Unique name M_Rock_Cryptography_HashTypeExtensions_ComputeHash_1 generated for M:Rock.Cryptography.HashTypeExtensions.ComputeHash(Rock.Cryptography.HashType,System.IO.Stream)
    Unique name M_Rock_Cryptography_HashTypeExtensions_ComputeHash_2 generated for M:Rock.Cryptography.HashTypeExtensions.ComputeHash(Rock.Cryptography.HashType,System.IO.Stream,System.Boolean)
    Unique name M_Rock_Cryptography_HashTypeExtensions_ComputeHash_3 generated for M:Rock.Cryptography.HashTypeExtensions.ComputeHash(Rock.Cryptography.HashType,System.String,System.Text.Encoding)
    Unique name M_Rock_Cryptography_HashTypeExtensions_ToHash_1 generated for M:Rock.Cryptography.HashTypeExtensions.ToHash(System.String,Rock.Cryptography.HashType)
    Unique name M_Rock_DependencyInjection_AutoContainer__ctor_1 generated for M:Rock.DependencyInjection.AutoContainer.#ctor(Rock.DependencyInjection.Heuristics.IResolverConstructorSelector,System.Collections.Generic.IEnumerable{System.Object})
    Unique name M_Rock_DependencyInjection_AutoContainer__ctor_2 generated for M:Rock.DependencyInjection.AutoContainer.#ctor(System.Object[])
    Unique name M_Rock_DependencyInjection_ResolveException__ctor_1 generated for M:Rock.DependencyInjection.ResolveException.#ctor(System.String)
    Unique name M_Rock_DependencyInjection_ResolveException__ctor_2 generated for M:Rock.DependencyInjection.ResolveException.#ctor(System.String,System.Exception)
    Unique name M_Rock_Immutable_Semimutable_1__ctor_1 generated for M:Rock.Immutable.Semimutable`1.#ctor(System.Boolean)
    Unique name M_Rock_Immutable_Semimutable_1__ctor_2 generated for M:Rock.Immutable.Semimutable`1.#ctor(System.Func{`0},System.Boolean)
    Unique name M_Rock_Immutable_Semimutable_1__ctor_3 generated for M:Rock.Immutable.Semimutable`1.#ctor(`0,System.Boolean)
    Unique name M_Rock_IO_EncodedStringWriter__ctor_1 generated for M:Rock.IO.EncodedStringWriter.#ctor(System.Text.Encoding)
    Unique name M_Rock_IO_EncodedStringWriter__ctor_2 generated for M:Rock.IO.EncodedStringWriter.#ctor(System.Text.StringBuilder,System.IFormatProvider,System.Text.Encoding)
    Unique name M_Rock_IO_EncodedStringWriter__ctor_3 generated for M:Rock.IO.EncodedStringWriter.#ctor(System.Text.StringBuilder,System.Text.Encoding)
    Unique name M_Rock_KeyValueStores_DeleteExtensions_Delete_1 generated for M:Rock.KeyValueStores.DeleteExtensions.Delete(Rock.KeyValueStores.IKeyValueStore,System.String,System.String)
    Unique name M_Rock_KeyValueStores_GetExtensions_Get__1_1 generated for M:Rock.KeyValueStores.GetExtensions.Get``1(Rock.KeyValueStores.IBucketItem)
    Unique name M_Rock_KeyValueStores_GetExtensions_Get__1_2 generated for M:Rock.KeyValueStores.GetExtensions.Get``1(Rock.KeyValueStores.IKeyValueStore,System.String,System.String)
    Unique name M_Rock_KeyValueStores_PutExtensions_Put__1_1 generated for M:Rock.KeyValueStores.PutExtensions.Put``1(Rock.KeyValueStores.IKeyValueStore,System.String,System.String,``0)
    Unique name M_Rock_KeyValueStores_TryGetExtensions_TryGet__1_1 generated for M:Rock.KeyValueStores.TryGetExtensions.TryGet``1(Rock.KeyValueStores.IKeyValueStore,System.String,System.String,``0@)
    Unique name M_Rock_Serialization_DataContractJsonSerializerSerializer__ctor_1 generated for M:Rock.Serialization.DataContractJsonSerializerSerializer.#ctor(System.Text.Encoding)
    Unique name M_Rock_Serialization_DataContractSerializerSerializer__ctor_1 generated for M:Rock.Serialization.DataContractSerializerSerializer.#ctor(System.Text.Encoding)
    Unique name M_Rock_Serialization_XmlDeserializationProxy_1__ctor_1 generated for M:Rock.Serialization.XmlDeserializationProxy`1.#ctor(System.Type)
    Unique name M_Rock_Serialization_XmlDeserializationProxy_1_CreateInstance_1 generated for M:Rock.Serialization.XmlDeserializationProxy`1.CreateInstance(Rock.DependencyInjection.IResolver)
    Unique name M_Rock_Serialization_XmlSerializerSerializer__ctor_1 generated for M:Rock.Serialization.XmlSerializerSerializer.#ctor(System.Text.Encoding)
    Unique name M_Rock_StaticDependencyInjection_ExportAttribute__ctor_1 generated for M:Rock.StaticDependencyInjection.ExportAttribute.#ctor(System.Int32)
  XslTransform (v2015.1.12.0)
  Copyright c 2006-2015, Microsoft Corporation, All Rights Reserved.
  Portions Copyright c 2006-2014, Eric Woodruff, All Rights Reserved.
  Applying XSL transformation &#39;Z:\dev\github\SHFB\SHFB\Deploy\ProductionTransforms\ReflectionToManifest.xsl&#39;.
Done Building Project &quot;C:\Temp\sandcastle_working\TransformManifest.proj&quot; (default targets).

Build succeeded.

Time Elapsed 00:00:00.83
    Last step completed in 00:00:00.9874
</buildStep>
<buildStep step="GenerateNamespaceSummaries">
Generating namespace summary information...
    Last step completed in 00:00:00.0308
</buildStep>
<buildStep step="CopyAdditionalContent">
Copying additional content files...
No additional content to copy
    Last step completed in 00:00:00.0030
</buildStep>
<buildStep step="MergeTablesOfContents">
Merging conceptual and additional tables of contents...
    Last step completed in 00:00:00.0020
</buildStep>
<buildStep step="GenerateIntermediateTableOfContents">
Generating intermediate table of contents file...
[C:\Windows\Microsoft.NET\Framework64\v4.0.30319\MSBuild.exe]
Build started 3/30/2015 10:26:16 PM.
Project &quot;C:\Temp\sandcastle_working\GenerateIntermediateTOC.proj&quot; on node 1 (default targets).
GenerateIntermediateTOC:
  XslTransform (v2015.1.12.0)
  Copyright c 2006-2015, Microsoft Corporation, All Rights Reserved.
  Portions Copyright c 2006-2014, Eric Woodruff, All Rights Reserved.
  Applying XSL transformation &#39;C:\Program Files (x86)\EWSoftware\Sandcastle Help File Builder\\ProductionTransforms\CreateVSToc.xsl&#39;.
Done Building Project &quot;C:\Temp\sandcastle_working\GenerateIntermediateTOC.proj&quot; (default targets).

Build succeeded.

Time Elapsed 00:00:00.17
Generating conceptual content intermediate TOC file...
    Last step completed in 00:00:00.2963
</buildStep>
<buildStep step="CreateBuildAssemblerConfigs">
Creating Sandcastle configuration files...
    sandcastle.config
    Last step completed in 00:00:00.4813
</buildStep>
<buildStep step="MergeCustomConfigs">
Merging custom build component configurations
C:\Temp\sandcastle_working\sandcastle.config
    Last step completed in 00:00:00.0288
</buildStep>
<buildStep step="BuildReferenceTopics">
Building reference help topics...
[C:\Windows\Microsoft.NET\Framework64\v4.0.30319\MSBuild.exe]
Build started 3/30/2015 10:26:17 PM.
Project &quot;C:\Temp\sandcastle_working\BuildReferenceTopics.proj&quot; on node 1 (default targets).
BuildReferenceTopics:
  BuildAssembler (v2015.1.12.0)
  Copyright c 2006-2015, Microsoft Corporation, All Rights Reserved.
  Portions Copyright c 2006-2014, Eric Woodruff, All Rights Reserved.
  Loading configuration...
  Processing topics...
  Processed 546 topic(s)
  CopyFromIndexComponent: &quot;reflection&quot; in-memory cache entries used: 15 of 15.
  CopyFromIndexComponent: &quot;comments&quot; in-memory cache entries used: 2 of 30.
Done Building Project &quot;C:\Temp\sandcastle_working\BuildReferenceTopics.proj&quot; (default targets).

Build succeeded.

Time Elapsed 00:00:16.06
    Last step completed in 00:00:16.2222
</buildStep>
<buildStep step="CombiningIntermediateTocFiles">
Combining conceptual and API intermediate TOC files...

Clearing any prior web output
    Last step completed in 00:00:00.0050
</buildStep>
<buildStep step="ExtractingHtmlInfo">
Extracting HTML info for HTML Help 1 and/or website...
[C:\Windows\Microsoft.NET\Framework64\v4.0.30319\MSBuild.exe]
Sandcastle Help File Builder, version 2015.1.12.0
Copyright c 2006-2015, Eric Woodruff, All Rights Reserved
E-Mail: Eric@EWoodruff.us

Using LCID &#39;1033&#39;, code page &#39;65001&#39;, encoding charset &#39;UTF-8&#39;.

Processing website files in C:\Temp\sandcastle_working\Output\Website
Processed 546 HTML files
Sorting keywords and generating See Also indices
Saving website keyword index to C:\Temp\sandcastle_working\WebKI.xml
Saving website table of contents to C:\Temp\sandcastle_working\WebTOC.xml
    Last step completed in 00:00:01.3483
</buildStep>
<buildStep step="CopyStandardHelpContent">
Copying standard help content...
Z:\dev\github\SHFB\SHFB\Deploy\PresentationStyles\VS2013\icons\AlertCaution.png -&gt; C:\Temp\sandcastle_working\Output\Website\icons\AlertCaution.png
Z:\dev\github\SHFB\SHFB\Deploy\PresentationStyles\VS2013\icons\AlertNote.png -&gt; C:\Temp\sandcastle_working\Output\Website\icons\AlertNote.png
Z:\dev\github\SHFB\SHFB\Deploy\PresentationStyles\VS2013\icons\AlertSecurity.png -&gt; C:\Temp\sandcastle_working\Output\Website\icons\AlertSecurity.png
Z:\dev\github\SHFB\SHFB\Deploy\PresentationStyles\VS2013\icons\CFW.gif -&gt; C:\Temp\sandcastle_working\Output\Website\icons\CFW.gif
Z:\dev\github\SHFB\SHFB\Deploy\PresentationStyles\VS2013\icons\CodeExample.png -&gt; C:\Temp\sandcastle_working\Output\Website\icons\CodeExample.png
Z:\dev\github\SHFB\SHFB\Deploy\PresentationStyles\VS2013\icons\favicon.ico -&gt; C:\Temp\sandcastle_working\Output\Website\icons\favicon.ico
Z:\dev\github\SHFB\SHFB\Deploy\PresentationStyles\VS2013\icons\privclass.gif -&gt; C:\Temp\sandcastle_working\Output\Website\icons\privclass.gif
Z:\dev\github\SHFB\SHFB\Deploy\PresentationStyles\VS2013\icons\privdelegate.gif -&gt; C:\Temp\sandcastle_working\Output\Website\icons\privdelegate.gif
Z:\dev\github\SHFB\SHFB\Deploy\PresentationStyles\VS2013\icons\privenumeration.gif -&gt; C:\Temp\sandcastle_working\Output\Website\icons\privenumeration.gif
Z:\dev\github\SHFB\SHFB\Deploy\PresentationStyles\VS2013\icons\privevent.gif -&gt; C:\Temp\sandcastle_working\Output\Website\icons\privevent.gif
Z:\dev\github\SHFB\SHFB\Deploy\PresentationStyles\VS2013\icons\privextension.gif -&gt; C:\Temp\sandcastle_working\Output\Website\icons\privextension.gif
Z:\dev\github\SHFB\SHFB\Deploy\PresentationStyles\VS2013\icons\privfield.gif -&gt; C:\Temp\sandcastle_working\Output\Website\icons\privfield.gif
Z:\dev\github\SHFB\SHFB\Deploy\PresentationStyles\VS2013\icons\privinterface.gif -&gt; C:\Temp\sandcastle_working\Output\Website\icons\privinterface.gif
Z:\dev\github\SHFB\SHFB\Deploy\PresentationStyles\VS2013\icons\privmethod.gif -&gt; C:\Temp\sandcastle_working\Output\Website\icons\privmethod.gif
Z:\dev\github\SHFB\SHFB\Deploy\PresentationStyles\VS2013\icons\privproperty.gif -&gt; C:\Temp\sandcastle_working\Output\Website\icons\privproperty.gif
Z:\dev\github\SHFB\SHFB\Deploy\PresentationStyles\VS2013\icons\privstructure.gif -&gt; C:\Temp\sandcastle_working\Output\Website\icons\privstructure.gif
Z:\dev\github\SHFB\SHFB\Deploy\PresentationStyles\VS2013\icons\protclass.gif -&gt; C:\Temp\sandcastle_working\Output\Website\icons\protclass.gif
Z:\dev\github\SHFB\SHFB\Deploy\PresentationStyles\VS2013\icons\protdelegate.gif -&gt; C:\Temp\sandcastle_working\Output\Website\icons\protdelegate.gif
Z:\dev\github\SHFB\SHFB\Deploy\PresentationStyles\VS2013\icons\protenumeration.gif -&gt; C:\Temp\sandcastle_working\Output\Website\icons\protenumeration.gif
Z:\dev\github\SHFB\SHFB\Deploy\PresentationStyles\VS2013\icons\protevent.gif -&gt; C:\Temp\sandcastle_working\Output\Website\icons\protevent.gif
Z:\dev\github\SHFB\SHFB\Deploy\PresentationStyles\VS2013\icons\protextension.gif -&gt; C:\Temp\sandcastle_working\Output\Website\icons\protextension.gif
Z:\dev\github\SHFB\SHFB\Deploy\PresentationStyles\VS2013\icons\protfield.gif -&gt; C:\Temp\sandcastle_working\Output\Website\icons\protfield.gif
Z:\dev\github\SHFB\SHFB\Deploy\PresentationStyles\VS2013\icons\protinterface.gif -&gt; C:\Temp\sandcastle_working\Output\Website\icons\protinterface.gif
Z:\dev\github\SHFB\SHFB\Deploy\PresentationStyles\VS2013\icons\protmethod.gif -&gt; C:\Temp\sandcastle_working\Output\Website\icons\protmethod.gif
Z:\dev\github\SHFB\SHFB\Deploy\PresentationStyles\VS2013\icons\protoperator.gif -&gt; C:\Temp\sandcastle_working\Output\Website\icons\protoperator.gif
Z:\dev\github\SHFB\SHFB\Deploy\PresentationStyles\VS2013\icons\protproperty.gif -&gt; C:\Temp\sandcastle_working\Output\Website\icons\protproperty.gif
Z:\dev\github\SHFB\SHFB\Deploy\PresentationStyles\VS2013\icons\protstructure.gif -&gt; C:\Temp\sandcastle_working\Output\Website\icons\protstructure.gif
Z:\dev\github\SHFB\SHFB\Deploy\PresentationStyles\VS2013\icons\pubclass.gif -&gt; C:\Temp\sandcastle_working\Output\Website\icons\pubclass.gif
Z:\dev\github\SHFB\SHFB\Deploy\PresentationStyles\VS2013\icons\pubdelegate.gif -&gt; C:\Temp\sandcastle_working\Output\Website\icons\pubdelegate.gif
Z:\dev\github\SHFB\SHFB\Deploy\PresentationStyles\VS2013\icons\pubenumeration.gif -&gt; C:\Temp\sandcastle_working\Output\Website\icons\pubenumeration.gif
Z:\dev\github\SHFB\SHFB\Deploy\PresentationStyles\VS2013\icons\pubevent.gif -&gt; C:\Temp\sandcastle_working\Output\Website\icons\pubevent.gif
Z:\dev\github\SHFB\SHFB\Deploy\PresentationStyles\VS2013\icons\pubextension.gif -&gt; C:\Temp\sandcastle_working\Output\Website\icons\pubextension.gif
Z:\dev\github\SHFB\SHFB\Deploy\PresentationStyles\VS2013\icons\pubfield.gif -&gt; C:\Temp\sandcastle_working\Output\Website\icons\pubfield.gif
Z:\dev\github\SHFB\SHFB\Deploy\PresentationStyles\VS2013\icons\pubinterface.gif -&gt; C:\Temp\sandcastle_working\Output\Website\icons\pubinterface.gif
Z:\dev\github\SHFB\SHFB\Deploy\PresentationStyles\VS2013\icons\pubmethod.gif -&gt; C:\Temp\sandcastle_working\Output\Website\icons\pubmethod.gif
Z:\dev\github\SHFB\SHFB\Deploy\PresentationStyles\VS2013\icons\puboperator.gif -&gt; C:\Temp\sandcastle_working\Output\Website\icons\puboperator.gif
Z:\dev\github\SHFB\SHFB\Deploy\PresentationStyles\VS2013\icons\pubproperty.gif -&gt; C:\Temp\sandcastle_working\Output\Website\icons\pubproperty.gif
Z:\dev\github\SHFB\SHFB\Deploy\PresentationStyles\VS2013\icons\pubstructure.gif -&gt; C:\Temp\sandcastle_working\Output\Website\icons\pubstructure.gif
Z:\dev\github\SHFB\SHFB\Deploy\PresentationStyles\VS2013\icons\SectionCollapsed.png -&gt; C:\Temp\sandcastle_working\Output\Website\icons\SectionCollapsed.png
Z:\dev\github\SHFB\SHFB\Deploy\PresentationStyles\VS2013\icons\SectionExpanded.png -&gt; C:\Temp\sandcastle_working\Output\Website\icons\SectionExpanded.png
Z:\dev\github\SHFB\SHFB\Deploy\PresentationStyles\VS2013\icons\slMobile.gif -&gt; C:\Temp\sandcastle_working\Output\Website\icons\slMobile.gif
Z:\dev\github\SHFB\SHFB\Deploy\PresentationStyles\VS2013\icons\static.gif -&gt; C:\Temp\sandcastle_working\Output\Website\icons\static.gif
Z:\dev\github\SHFB\SHFB\Deploy\PresentationStyles\VS2013\icons\xna.gif -&gt; C:\Temp\sandcastle_working\Output\Website\icons\xna.gif
Z:\dev\github\SHFB\SHFB\Deploy\PresentationStyles\VS2013\scripts\branding.js -&gt; C:\Temp\sandcastle_working\Output\Website\scripts\branding.js
Z:\dev\github\SHFB\SHFB\Deploy\PresentationStyles\VS2013\styles\branding-cs-CZ.css -&gt; C:\Temp\sandcastle_working\Output\Website\styles\branding-cs-CZ.css
Z:\dev\github\SHFB\SHFB\Deploy\PresentationStyles\VS2013\styles\branding-de-DE.css -&gt; C:\Temp\sandcastle_working\Output\Website\styles\branding-de-DE.css
Z:\dev\github\SHFB\SHFB\Deploy\PresentationStyles\VS2013\styles\branding-en-US.css -&gt; C:\Temp\sandcastle_working\Output\Website\styles\branding-en-US.css
Z:\dev\github\SHFB\SHFB\Deploy\PresentationStyles\VS2013\styles\branding-es-ES.css -&gt; C:\Temp\sandcastle_working\Output\Website\styles\branding-es-ES.css
Z:\dev\github\SHFB\SHFB\Deploy\PresentationStyles\VS2013\styles\branding-fr-FR.css -&gt; C:\Temp\sandcastle_working\Output\Website\styles\branding-fr-FR.css
Z:\dev\github\SHFB\SHFB\Deploy\PresentationStyles\VS2013\styles\branding-Help1.css -&gt; C:\Temp\sandcastle_working\Output\Website\styles\branding-Help1.css
Z:\dev\github\SHFB\SHFB\Deploy\PresentationStyles\VS2013\styles\branding-Help2.css -&gt; C:\Temp\sandcastle_working\Output\Website\styles\branding-Help2.css
Z:\dev\github\SHFB\SHFB\Deploy\PresentationStyles\VS2013\styles\branding-HelpViewer.css -&gt; C:\Temp\sandcastle_working\Output\Website\styles\branding-HelpViewer.css
Z:\dev\github\SHFB\SHFB\Deploy\PresentationStyles\VS2013\styles\branding-it-IT.css -&gt; C:\Temp\sandcastle_working\Output\Website\styles\branding-it-IT.css
Z:\dev\github\SHFB\SHFB\Deploy\PresentationStyles\VS2013\styles\branding-ja-JP.css -&gt; C:\Temp\sandcastle_working\Output\Website\styles\branding-ja-JP.css
Z:\dev\github\SHFB\SHFB\Deploy\PresentationStyles\VS2013\styles\branding-ko-KR.css -&gt; C:\Temp\sandcastle_working\Output\Website\styles\branding-ko-KR.css
Z:\dev\github\SHFB\SHFB\Deploy\PresentationStyles\VS2013\styles\branding-pl-PL.css -&gt; C:\Temp\sandcastle_working\Output\Website\styles\branding-pl-PL.css
Z:\dev\github\SHFB\SHFB\Deploy\PresentationStyles\VS2013\styles\branding-pt-BR.css -&gt; C:\Temp\sandcastle_working\Output\Website\styles\branding-pt-BR.css
Z:\dev\github\SHFB\SHFB\Deploy\PresentationStyles\VS2013\styles\branding-ru-RU.css -&gt; C:\Temp\sandcastle_working\Output\Website\styles\branding-ru-RU.css
Z:\dev\github\SHFB\SHFB\Deploy\PresentationStyles\VS2013\styles\branding-tr-TR.css -&gt; C:\Temp\sandcastle_working\Output\Website\styles\branding-tr-TR.css
Z:\dev\github\SHFB\SHFB\Deploy\PresentationStyles\VS2013\styles\branding-Website.css -&gt; C:\Temp\sandcastle_working\Output\Website\styles\branding-Website.css
Z:\dev\github\SHFB\SHFB\Deploy\PresentationStyles\VS2013\styles\branding-zh-CN.css -&gt; C:\Temp\sandcastle_working\Output\Website\styles\branding-zh-CN.css
Z:\dev\github\SHFB\SHFB\Deploy\PresentationStyles\VS2013\styles\branding-zh-TW.css -&gt; C:\Temp\sandcastle_working\Output\Website\styles\branding-zh-TW.css
Z:\dev\github\SHFB\SHFB\Deploy\PresentationStyles\VS2013\styles\branding.css -&gt; C:\Temp\sandcastle_working\Output\Website\styles\branding.css
Z:\dev\github\SHFB\SHFB\Deploy\PresentationStyles\VS2013\Web\index.html -&gt; C:\Temp\sandcastle_working\Output\Website\index.html
Z:\dev\github\SHFB\SHFB\Deploy\PresentationStyles\VS2013\Web\icons\Search.png -&gt; C:\Temp\sandcastle_working\Output\Website\icons\Search.png
Z:\dev\github\SHFB\SHFB\Deploy\PresentationStyles\VS2013\Web\icons\TocClose.gif -&gt; C:\Temp\sandcastle_working\Output\Website\icons\TocClose.gif
Z:\dev\github\SHFB\SHFB\Deploy\PresentationStyles\VS2013\Web\icons\TocCollapsed.gif -&gt; C:\Temp\sandcastle_working\Output\Website\icons\TocCollapsed.gif
Z:\dev\github\SHFB\SHFB\Deploy\PresentationStyles\VS2013\Web\icons\TocExpanded.gif -&gt; C:\Temp\sandcastle_working\Output\Website\icons\TocExpanded.gif
Z:\dev\github\SHFB\SHFB\Deploy\PresentationStyles\VS2013\Web\icons\TocOpen.gif -&gt; C:\Temp\sandcastle_working\Output\Website\icons\TocOpen.gif
Z:\dev\github\SHFB\SHFB\Deploy\PresentationStyles\VS2013\Web\scripts\branding-Website.js -&gt; C:\Temp\sandcastle_working\Output\Website\scripts\branding-Website.js
Z:\dev\github\SHFB\SHFB\Deploy\PresentationStyles\VS2013\Web\scripts\jquery-1.11.0.min.js -&gt; C:\Temp\sandcastle_working\Output\Website\scripts\jquery-1.11.0.min.js
    Last step completed in 00:00:00.3191
</buildStep>
<buildStep step="GenerateHelpFormatTableOfContents">
Generating website table of contents file...
    Last step completed in 00:00:00.0020
</buildStep>
<buildStep step="GenerateFullTextIndex">
Generating full-text index for the website...

<plugIn name="Lightweight Website Style" behavior="After" priority="1000">
Adding lightweight search and TOC elements to each topic...
</plugIn>    Last step completed in 00:00:05.1794
</buildStep>
<buildStep step="CopyingWebsiteFiles">
Copying website files to output folder...

Copied 100 files
Copied 200 files
Copied 300 files
Copied 400 files
Copied 500 files
Copied 600 files
Copied 700 files
Copied 800 files
Copied 900 files
Copied 907 files for the website content
    Last step completed in 00:00:00.8412
</buildStep>
<buildStep step="CleanIntermediates">
Removing intermediate files...
    Last step completed in 00:00:00.1501
</buildStep>
<buildStep step="Completed">

Build completed successfully at 3/30/2015 10:26:41 PM.  Total time: 00:00:28.1738

</buildStep>
</shfbBuild>
