<?xml version="1.0" encoding="utf-8"?>
<shfbBuild product="Sandcastle Help File Builder" version="2015.1.12.0" projectFile="Z:\dev\github\RockDocs\Rock.Messaging.shfbproj" started="3/31/2015 2:14:23 PM">
<buildStep step="Initializing">
Finding tools...
The Sandcastle tools are located in &#39;Z:\dev\github\SHFB\SHFB\Deploy\&#39;
Locating components in the following folder(s):
   Z:\dev\github\RockDocs
Using presentation style &#39;VS2013&#39; located in &#39;Z:\dev\github\SHFB\SHFB\Deploy\PresentationStyles\VS2013&#39;
Loading and initializing plug-ins...
Lightweight Website Style Version 2015.1.12.0
Copyright &#169; 2006-2015, Eric Woodruff, All Rights Reserved
Portions Copyright &#169; 2014, Sam Harwell, All Rights Reserved
</buildStep>
<buildStep step="ValidatingDocumentationSources">
Validating and copying documentation source information
Source: Z:\dev\github\Rock.Messaging\Rock.Messaging\bin\Debug\Rock.Messaging.dll
    Found assembly &#39;Z:\dev\github\Rock.Messaging\Rock.Messaging\bin\Debug\Rock.Messaging.dll&#39;
SHFB: Warning BE0062: No XML comments files found.  The help file will not contain any member comments.
</buildStep>
<buildStep step="GenerateSharedContent">
Generating shared content files (en-US, English (United States))...
<plugIn name="Lightweight Website Style" behavior="After" priority="1000">
</plugIn>    Last step completed in 00:00:00.0312
</buildStep>
<buildStep step="GenerateApiFilter">
Generating API filter for MRefBuilder...
    Last step completed in 00:00:00.0000
</buildStep>
<buildStep step="GenerateReflectionInfo">
Generating reflection information...
[C:\Windows\Microsoft.NET\Framework64\v4.0.30319\MSBuild.exe]
Build started 3/31/2015 2:14:25 PM.
Project &quot;c:\temp\sandcastle\working\GenerateRefInfo.proj&quot; on node 1 (default targets).
PrepareForBuild:
  Creating directory &quot;obj\Debug\&quot;.
GenerateRefInfo:
  MRefBuilder (v2015.1.12.0)
  Copyright c 2006-2015, Microsoft Corporation, All Rights Reserved.
  Portions Copyright c 2006-2014, Eric Woodruff, All Rights Reserved.
  Loaded 1 assemblies for reflection and 1 dependency assemblies.
  Wrote information on 4 namespaces, 34 types, and 111 members
  Copying file from &quot;reflection.org&quot; to &quot;reflection.all&quot;.
  XslTransform (v2015.1.12.0)
  Copyright c 2006-2015, Microsoft Corporation, All Rights Reserved.
  Portions Copyright c 2006-2014, Eric Woodruff, All Rights Reserved.
  Applying XSL transformation &#39;Z:\dev\github\SHFB\SHFB\Deploy\ProductionTransforms\MergeDuplicates.xsl&#39;.
Done Building Project &quot;c:\temp\sandcastle\working\GenerateRefInfo.proj&quot; (default targets).

Build succeeded.

Time Elapsed 00:00:01.17
    Last step completed in 00:00:01.3735
</buildStep>
<buildStep step="TransformReflectionInfo">
Transforming reflection output...
[C:\Windows\Microsoft.NET\Framework64\v4.0.30319\MSBuild.exe]
Build started 3/31/2015 2:14:26 PM.
Project &quot;c:\temp\sandcastle\working\TransformManifest.proj&quot; on node 1 (default targets).
TransformManifest:
  XslTransform (v2015.1.12.0)
  Copyright c 2006-2015, Microsoft Corporation, All Rights Reserved.
  Portions Copyright c 2006-2014, Eric Woodruff, All Rights Reserved.
  Applying XSL transformation &#39;C:\Program Files (x86)\EWSoftware\Sandcastle Help File Builder\\ProductionTransforms\ApplyVSDocModel.xsl&#39;.
  Copying file from &quot;reflection.xml&quot; to &quot;reflection.nofilenames&quot;.
  XslTransform (v2015.1.12.0)
  Copyright c 2006-2015, Microsoft Corporation, All Rights Reserved.
  Portions Copyright c 2006-2014, Eric Woodruff, All Rights Reserved.
  Applying XSL transformation &#39;Z:\dev\github\SHFB\SHFB\Deploy\ProductionTransforms\AddFilenames.xsl&#39;.
    Unique name M_Rock_Messaging_BinarySenderMessage__ctor_1 generated for M:Rock.Messaging.BinarySenderMessage.#ctor(System.Byte[],Rock.Messaging.MessageFormat,System.Text.Encoding)
    Unique name M_Rock_Messaging_MessagingScenarioExtensions_Send_1 generated for M:Rock.Messaging.MessagingScenarioExtensions.Send(Rock.Messaging.ISender,System.Byte[],Rock.Messaging.MessageFormat)
    Unique name M_Rock_Messaging_MessagingScenarioExtensions_Send_2 generated for M:Rock.Messaging.MessagingScenarioExtensions.Send(Rock.Messaging.ISender,System.String)
    Unique name M_Rock_Messaging_MessagingScenarioExtensions_Send_3 generated for M:Rock.Messaging.MessagingScenarioExtensions.Send(Rock.Messaging.ISender,System.String,Rock.Messaging.MessageFormat)
    Unique name M_Rock_Messaging_StringSenderMessage__ctor_1 generated for M:Rock.Messaging.StringSenderMessage.#ctor(System.String,System.Text.Encoding)
    Unique name M_Rock_Messaging_NamedPipes_NamedPipeMessagingScenarioFactory__ctor_1 generated for M:Rock.Messaging.NamedPipes.NamedPipeMessagingScenarioFactory.#ctor(Rock.Messaging.NamedPipes.INamedPipeConfigProvider,Rock.Serialization.ISerializer)
    Unique name M_Rock_Messaging_Routing_IMessageParser_GetTypeName_1 generated for M:Rock.Messaging.Routing.IMessageParser.GetTypeName(System.Type)
    Unique name M_Rock_Messaging_Routing_MessageRouter__ctor_1 generated for M:Rock.Messaging.Routing.MessageRouter.#ctor(Rock.Messaging.Routing.IMessageParser,Rock.Messaging.Routing.ITypeLocator,Rock.DependencyInjection.IResolver)
    Unique name M_Rock_Messaging_Routing_RouteResult__ctor_1 generated for M:Rock.Messaging.Routing.RouteResult.#ctor(System.Object,System.Object)
    Unique name M_Rock_Messaging_Routing_XmlMessageParser_GetTypeName_1 generated for M:Rock.Messaging.Routing.XmlMessageParser.GetTypeName(System.Type)
  XslTransform (v2015.1.12.0)
  Copyright c 2006-2015, Microsoft Corporation, All Rights Reserved.
  Portions Copyright c 2006-2014, Eric Woodruff, All Rights Reserved.
  Applying XSL transformation &#39;Z:\dev\github\SHFB\SHFB\Deploy\ProductionTransforms\ReflectionToManifest.xsl&#39;.
Done Building Project &quot;c:\temp\sandcastle\working\TransformManifest.proj&quot; (default targets).

Build succeeded.

Time Elapsed 00:00:00.65
    Last step completed in 00:00:00.7961
</buildStep>
<buildStep step="GenerateNamespaceSummaries">
Generating namespace summary information...
    Last step completed in 00:00:00.0155
</buildStep>
<buildStep step="CopyAdditionalContent">
Copying additional content files...
No additional content to copy
    Last step completed in 00:00:00.0000
</buildStep>
<buildStep step="MergeTablesOfContents">
Merging conceptual and additional tables of contents...
    Last step completed in 00:00:00.0000
</buildStep>
<buildStep step="GenerateIntermediateTableOfContents">
Generating intermediate table of contents file...
[C:\Windows\Microsoft.NET\Framework64\v4.0.30319\MSBuild.exe]
Build started 3/31/2015 2:14:27 PM.
Project &quot;c:\temp\sandcastle\working\GenerateIntermediateTOC.proj&quot; on node 1 (default targets).
GenerateIntermediateTOC:
  XslTransform (v2015.1.12.0)
  Copyright c 2006-2015, Microsoft Corporation, All Rights Reserved.
  Portions Copyright c 2006-2014, Eric Woodruff, All Rights Reserved.
  Applying XSL transformation &#39;C:\Program Files (x86)\EWSoftware\Sandcastle Help File Builder\\ProductionTransforms\CreateVSToc.xsl&#39;.
Done Building Project &quot;c:\temp\sandcastle\working\GenerateIntermediateTOC.proj&quot; (default targets).

Build succeeded.

Time Elapsed 00:00:00.15
Generating conceptual content intermediate TOC file...
    Last step completed in 00:00:00.3122
</buildStep>
<buildStep step="CreateBuildAssemblerConfigs">
Creating Sandcastle configuration files...
    sandcastle.config
    Last step completed in 00:00:00.4213
</buildStep>
<buildStep step="MergeCustomConfigs">
Merging custom build component configurations
c:\temp\sandcastle\working\sandcastle.config
    Last step completed in 00:00:00.0313
</buildStep>
<buildStep step="BuildReferenceTopics">
Building reference help topics...
[C:\Windows\Microsoft.NET\Framework64\v4.0.30319\MSBuild.exe]
Build started 3/31/2015 2:14:28 PM.
Project &quot;c:\temp\sandcastle\working\BuildReferenceTopics.proj&quot; on node 1 (default targets).
BuildReferenceTopics:
  BuildAssembler (v2015.1.12.0)
  Copyright c 2006-2015, Microsoft Corporation, All Rights Reserved.
  Portions Copyright c 2006-2014, Eric Woodruff, All Rights Reserved.
  Loading configuration...
  Processing topics...
BuildAssembler : warning : ShowMissingComponent: [N:Rock.Messaging] Missing &lt;summary&gt; documentation [c:\temp\sandcastle\working\BuildReferenceTopics.proj]
BuildAssembler : warning : ShowMissingComponent: [T:Rock.Messaging.BinarySenderMessage] Missing &lt;summary&gt; documentation [c:\temp\sandcastle\working\BuildReferenceTopics.proj]
BuildAssembler : warning : ShowMissingComponent: [M:Rock.Messaging.BinarySenderMessage.#ctor(System.Byte[])] Missing &lt;param name=&quot;binaryValue&quot;/&gt; documentation [c:\temp\sandcastle\working\BuildReferenceTopics.proj]
BuildAssembler : warning : ShowMissingComponent: [M:Rock.Messaging.BinarySenderMessage.#ctor(System.Byte[],Rock.Messaging.MessageFormat,System.Text.Encoding)] Missing &lt;param name=&quot;binaryValue&quot;/&gt; documentation [c:\temp\sandcastle\working\BuildReferenceTopics.proj]
BuildAssembler : warning : ShowMissingComponent: [M:Rock.Messaging.BinarySenderMessage.#ctor(System.Byte[],Rock.Messaging.MessageFormat,System.Text.Encoding)] Missing &lt;param name=&quot;messageFormat&quot;/&gt; documentation [c:\temp\sandcastle\working\BuildReferenceTopics.proj]
BuildAssembler : warning : ShowMissingComponent: [M:Rock.Messaging.BinarySenderMessage.#ctor(System.Byte[],Rock.Messaging.MessageFormat,System.Text.Encoding)] Missing &lt;param name=&quot;encoding&quot;/&gt; documentation [c:\temp\sandcastle\working\BuildReferenceTopics.proj]
BuildAssembler : warning : ShowMissingComponent: [P:Rock.Messaging.BinarySenderMessage.BinaryValue] Missing &lt;summary&gt; documentation [c:\temp\sandcastle\working\BuildReferenceTopics.proj]
BuildAssembler : warning : ShowMissingComponent: [P:Rock.Messaging.BinarySenderMessage.Headers] Missing &lt;summary&gt; documentation [c:\temp\sandcastle\working\BuildReferenceTopics.proj]
BuildAssembler : warning : ShowMissingComponent: [P:Rock.Messaging.BinarySenderMessage.MessageFormat] Missing &lt;summary&gt; documentation [c:\temp\sandcastle\working\BuildReferenceTopics.proj]
BuildAssembler : warning : ShowMissingComponent: [P:Rock.Messaging.BinarySenderMessage.StringValue] Missing &lt;summary&gt; documentation [c:\temp\sandcastle\working\BuildReferenceTopics.proj]
BuildAssembler : warning : ShowMissingComponent: [T:Rock.Messaging.IMessagingScenarioFactory] Missing &lt;summary&gt; documentation [c:\temp\sandcastle\working\BuildReferenceTopics.proj]
BuildAssembler : warning : ShowMissingComponent: [M:Rock.Messaging.IMessagingScenarioFactory.CreateQueueConsumer(System.String)] Missing &lt;summary&gt; documentation [c:\temp\sandcastle\working\BuildReferenceTopics.proj]
BuildAssembler : warning : ShowMissingComponent: [M:Rock.Messaging.IMessagingScenarioFactory.CreateQueueConsumer(System.String)] Missing &lt;returns&gt; documentation [c:\temp\sandcastle\working\BuildReferenceTopics.proj]
BuildAssembler : warning : ShowMissingComponent: [M:Rock.Messaging.IMessagingScenarioFactory.CreateQueueConsumer(System.String)] Missing &lt;param name=&quot;name&quot;/&gt; documentation [c:\temp\sandcastle\working\BuildReferenceTopics.proj]
BuildAssembler : warning : ShowMissingComponent: [M:Rock.Messaging.IMessagingScenarioFactory.CreateQueueProducer(System.String)] Missing &lt;summary&gt; documentation [c:\temp\sandcastle\working\BuildReferenceTopics.proj]
BuildAssembler : warning : ShowMissingComponent: [M:Rock.Messaging.IMessagingScenarioFactory.CreateQueueProducer(System.String)] Missing &lt;returns&gt; documentation [c:\temp\sandcastle\working\BuildReferenceTopics.proj]
BuildAssembler : warning : ShowMissingComponent: [M:Rock.Messaging.IMessagingScenarioFactory.CreateQueueProducer(System.String)] Missing &lt;param name=&quot;name&quot;/&gt; documentation [c:\temp\sandcastle\working\BuildReferenceTopics.proj]
BuildAssembler : warning : ShowMissingComponent: [M:Rock.Messaging.IMessagingScenarioFactory.CreateTopicPublisher(System.String)] Missing &lt;summary&gt; documentation [c:\temp\sandcastle\working\BuildReferenceTopics.proj]
BuildAssembler : warning : ShowMissingComponent: [M:Rock.Messaging.IMessagingScenarioFactory.CreateTopicPublisher(System.String)] Missing &lt;returns&gt; documentation [c:\temp\sandcastle\working\BuildReferenceTopics.proj]
BuildAssembler : warning : ShowMissingComponent: [M:Rock.Messaging.IMessagingScenarioFactory.CreateTopicPublisher(System.String)] Missing &lt;param name=&quot;name&quot;/&gt; documentation [c:\temp\sandcastle\working\BuildReferenceTopics.proj]
BuildAssembler : warning : ShowMissingComponent: [M:Rock.Messaging.IMessagingScenarioFactory.CreateTopicSubscriber(System.String)] Missing &lt;summary&gt; documentation [c:\temp\sandcastle\working\BuildReferenceTopics.proj]
BuildAssembler : warning : ShowMissingComponent: [M:Rock.Messaging.IMessagingScenarioFactory.CreateTopicSubscriber(System.String)] Missing &lt;returns&gt; documentation [c:\temp\sandcastle\working\BuildReferenceTopics.proj]
BuildAssembler : warning : ShowMissingComponent: [M:Rock.Messaging.IMessagingScenarioFactory.CreateTopicSubscriber(System.String)] Missing &lt;param name=&quot;name&quot;/&gt; documentation [c:\temp\sandcastle\working\BuildReferenceTopics.proj]
BuildAssembler : warning : ShowMissingComponent: [T:Rock.Messaging.IReceiver] Missing &lt;summary&gt; documentation [c:\temp\sandcastle\working\BuildReferenceTopics.proj]
BuildAssembler : warning : ShowMissingComponent: [E:Rock.Messaging.IReceiver.MessageReceived] Missing &lt;summary&gt; documentation [c:\temp\sandcastle\working\BuildReferenceTopics.proj]
BuildAssembler : warning : ShowMissingComponent: [P:Rock.Messaging.IReceiver.Name] Missing &lt;summary&gt; documentation [c:\temp\sandcastle\working\BuildReferenceTopics.proj]
BuildAssembler : warning : ShowMissingComponent: [M:Rock.Messaging.IReceiver.Start(System.String)] Missing &lt;summary&gt; documentation [c:\temp\sandcastle\working\BuildReferenceTopics.proj]
BuildAssembler : warning : ShowMissingComponent: [M:Rock.Messaging.IReceiver.Start(System.String)] Missing &lt;param name=&quot;selector&quot;/&gt; documentation [c:\temp\sandcastle\working\BuildReferenceTopics.proj]
BuildAssembler : warning : ShowMissingComponent: [T:Rock.Messaging.IReceiverMessage] Missing &lt;summary&gt; documentation [c:\temp\sandcastle\working\BuildReferenceTopics.proj]
BuildAssembler : warning : ShowMissingComponent: [M:Rock.Messaging.IReceiverMessage.Acknowledge] Missing &lt;summary&gt; documentation [c:\temp\sandcastle\working\BuildReferenceTopics.proj]
BuildAssembler : warning : ShowMissingComponent: [M:Rock.Messaging.IReceiverMessage.GetBinaryValue(System.Text.Encoding)] Missing &lt;summary&gt; documentation [c:\temp\sandcastle\working\BuildReferenceTopics.proj]
BuildAssembler : warning : ShowMissingComponent: [M:Rock.Messaging.IReceiverMessage.GetBinaryValue(System.Text.Encoding)] Missing &lt;returns&gt; documentation [c:\temp\sandcastle\working\BuildReferenceTopics.proj]
BuildAssembler : warning : ShowMissingComponent: [M:Rock.Messaging.IReceiverMessage.GetBinaryValue(System.Text.Encoding)] Missing &lt;param name=&quot;encoding&quot;/&gt; documentation [c:\temp\sandcastle\working\BuildReferenceTopics.proj]
BuildAssembler : warning : ShowMissingComponent: [M:Rock.Messaging.IReceiverMessage.GetHeaderValue(System.String,System.Text.Encoding)] Missing &lt;summary&gt; documentation [c:\temp\sandcastle\working\BuildReferenceTopics.proj]
BuildAssembler : warning : ShowMissingComponent: [M:Rock.Messaging.IReceiverMessage.GetHeaderValue(System.String,System.Text.Encoding)] Missing &lt;returns&gt; documentation [c:\temp\sandcastle\working\BuildReferenceTopics.proj]
BuildAssembler : warning : ShowMissingComponent: [M:Rock.Messaging.IReceiverMessage.GetHeaderValue(System.String,System.Text.Encoding)] Missing &lt;param name=&quot;key&quot;/&gt; documentation [c:\temp\sandcastle\working\BuildReferenceTopics.proj]
BuildAssembler : warning : ShowMissingComponent: [M:Rock.Messaging.IReceiverMessage.GetHeaderValue(System.String,System.Text.Encoding)] Missing &lt;param name=&quot;encoding&quot;/&gt; documentation [c:\temp\sandcastle\working\BuildReferenceTopics.proj]
BuildAssembler : warning : ShowMissingComponent: [M:Rock.Messaging.IReceiverMessage.GetStringValue(System.Text.Encoding)] Missing &lt;summary&gt; documentation [c:\temp\sandcastle\working\BuildReferenceTopics.proj]
BuildAssembler : warning : ShowMissingComponent: [M:Rock.Messaging.IReceiverMessage.GetStringValue(System.Text.Encoding)] Missing &lt;returns&gt; documentation [c:\temp\sandcastle\working\BuildReferenceTopics.proj]
BuildAssembler : warning : ShowMissingComponent: [M:Rock.Messaging.IReceiverMessage.GetStringValue(System.Text.Encoding)] Missing &lt;param name=&quot;encoding&quot;/&gt; documentation [c:\temp\sandcastle\working\BuildReferenceTopics.proj]
BuildAssembler : warning : ShowMissingComponent: [T:Rock.Messaging.ISender] Missing &lt;summary&gt; documentation [c:\temp\sandcastle\working\BuildReferenceTopics.proj]
BuildAssembler : warning : ShowMissingComponent: [P:Rock.Messaging.ISender.Name] Missing &lt;summary&gt; documentation [c:\temp\sandcastle\working\BuildReferenceTopics.proj]
BuildAssembler : warning : ShowMissingComponent: [M:Rock.Messaging.ISender.Send(Rock.Messaging.ISenderMessage)] Missing &lt;summary&gt; documentation [c:\temp\sandcastle\working\BuildReferenceTopics.proj]
BuildAssembler : warning : ShowMissingComponent: [M:Rock.Messaging.ISender.Send(Rock.Messaging.ISenderMessage)] Missing &lt;param name=&quot;message&quot;/&gt; documentation [c:\temp\sandcastle\working\BuildReferenceTopics.proj]
BuildAssembler : warning : ShowMissingComponent: [T:Rock.Messaging.ISenderMessage] Missing &lt;summary&gt; documentation [c:\temp\sandcastle\working\BuildReferenceTopics.proj]
BuildAssembler : warning : ShowMissingComponent: [P:Rock.Messaging.ISenderMessage.BinaryValue] Missing &lt;summary&gt; documentation [c:\temp\sandcastle\working\BuildReferenceTopics.proj]
BuildAssembler : warning : ShowMissingComponent: [P:Rock.Messaging.ISenderMessage.Headers] Missing &lt;summary&gt; documentation [c:\temp\sandcastle\working\BuildReferenceTopics.proj]
BuildAssembler : warning : ShowMissingComponent: [P:Rock.Messaging.ISenderMessage.MessageFormat] Missing &lt;summary&gt; documentation [c:\temp\sandcastle\working\BuildReferenceTopics.proj]
BuildAssembler : warning : ShowMissingComponent: [P:Rock.Messaging.ISenderMessage.StringValue] Missing &lt;summary&gt; documentation [c:\temp\sandcastle\working\BuildReferenceTopics.proj]
BuildAssembler : warning : ShowMissingComponent: [T:Rock.Messaging.MessageFormat] Missing &lt;summary&gt; documentation [c:\temp\sandcastle\working\BuildReferenceTopics.proj]
BuildAssembler : warning : ShowMissingComponent: [T:Rock.Messaging.MessageReceivedEventArgs] Missing &lt;summary&gt; documentation [c:\temp\sandcastle\working\BuildReferenceTopics.proj]
BuildAssembler : warning : ShowMissingComponent: [M:Rock.Messaging.MessageReceivedEventArgs.#ctor(Rock.Messaging.IReceiverMessage)] Missing &lt;param name=&quot;message&quot;/&gt; documentation [c:\temp\sandcastle\working\BuildReferenceTopics.proj]
BuildAssembler : warning : ShowMissingComponent: [P:Rock.Messaging.MessageReceivedEventArgs.Message] Missing &lt;summary&gt; documentation [c:\temp\sandcastle\working\BuildReferenceTopics.proj]
BuildAssembler : warning : ShowMissingComponent: [T:Rock.Messaging.MessagingScenarioExtensions] Missing &lt;summary&gt; documentation [c:\temp\sandcastle\working\BuildReferenceTopics.proj]
BuildAssembler : warning : ShowMissingComponent: [M:Rock.Messaging.MessagingScenarioExtensions.Send(Rock.Messaging.ISender,System.Byte[])] Missing &lt;summary&gt; documentation [c:\temp\sandcastle\working\BuildReferenceTopics.proj]
BuildAssembler : warning : ShowMissingComponent: [M:Rock.Messaging.MessagingScenarioExtensions.Send(Rock.Messaging.ISender,System.Byte[])] Missing &lt;param name=&quot;source&quot;/&gt; documentation [c:\temp\sandcastle\working\BuildReferenceTopics.proj]
BuildAssembler : warning : ShowMissingComponent: [M:Rock.Messaging.MessagingScenarioExtensions.Send(Rock.Messaging.ISender,System.Byte[])] Missing &lt;param name=&quot;message&quot;/&gt; documentation [c:\temp\sandcastle\working\BuildReferenceTopics.proj]
BuildAssembler : warning : ShowMissingComponent: [M:Rock.Messaging.MessagingScenarioExtensions.Send(Rock.Messaging.ISender,System.Byte[],Rock.Messaging.MessageFormat)] Missing &lt;summary&gt; documentation [c:\temp\sandcastle\working\BuildReferenceTopics.proj]
BuildAssembler : warning : ShowMissingComponent: [M:Rock.Messaging.MessagingScenarioExtensions.Send(Rock.Messaging.ISender,System.Byte[],Rock.Messaging.MessageFormat)] Missing &lt;param name=&quot;source&quot;/&gt; documentation [c:\temp\sandcastle\working\BuildReferenceTopics.proj]
BuildAssembler : warning : ShowMissingComponent: [M:Rock.Messaging.MessagingScenarioExtensions.Send(Rock.Messaging.ISender,System.Byte[],Rock.Messaging.MessageFormat)] Missing &lt;param name=&quot;message&quot;/&gt; documentation [c:\temp\sandcastle\working\BuildReferenceTopics.proj]
BuildAssembler : warning : ShowMissingComponent: [M:Rock.Messaging.MessagingScenarioExtensions.Send(Rock.Messaging.ISender,System.Byte[],Rock.Messaging.MessageFormat)] Missing &lt;param name=&quot;messageFormat&quot;/&gt; documentation [c:\temp\sandcastle\working\BuildReferenceTopics.proj]
BuildAssembler : warning : ShowMissingComponent: [M:Rock.Messaging.MessagingScenarioExtensions.Send(Rock.Messaging.ISender,System.String)] Missing &lt;summary&gt; documentation [c:\temp\sandcastle\working\BuildReferenceTopics.proj]
BuildAssembler : warning : ShowMissingComponent: [M:Rock.Messaging.MessagingScenarioExtensions.Send(Rock.Messaging.ISender,System.String)] Missing &lt;param name=&quot;source&quot;/&gt; documentation [c:\temp\sandcastle\working\BuildReferenceTopics.proj]
BuildAssembler : warning : ShowMissingComponent: [M:Rock.Messaging.MessagingScenarioExtensions.Send(Rock.Messaging.ISender,System.String)] Missing &lt;param name=&quot;message&quot;/&gt; documentation [c:\temp\sandcastle\working\BuildReferenceTopics.proj]
BuildAssembler : warning : ShowMissingComponent: [M:Rock.Messaging.MessagingScenarioExtensions.Send(Rock.Messaging.ISender,System.String,Rock.Messaging.MessageFormat)] Missing &lt;summary&gt; documentation [c:\temp\sandcastle\working\BuildReferenceTopics.proj]
BuildAssembler : warning : ShowMissingComponent: [M:Rock.Messaging.MessagingScenarioExtensions.Send(Rock.Messaging.ISender,System.String,Rock.Messaging.MessageFormat)] Missing &lt;param name=&quot;source&quot;/&gt; documentation [c:\temp\sandcastle\working\BuildReferenceTopics.proj]
BuildAssembler : warning : ShowMissingComponent: [M:Rock.Messaging.MessagingScenarioExtensions.Send(Rock.Messaging.ISender,System.String,Rock.Messaging.MessageFormat)] Missing &lt;param name=&quot;message&quot;/&gt; documentation [c:\temp\sandcastle\working\BuildReferenceTopics.proj]
BuildAssembler : warning : ShowMissingComponent: [M:Rock.Messaging.MessagingScenarioExtensions.Send(Rock.Messaging.ISender,System.String,Rock.Messaging.MessageFormat)] Missing &lt;param name=&quot;messageFormat&quot;/&gt; documentation [c:\temp\sandcastle\working\BuildReferenceTopics.proj]
BuildAssembler : warning : ShowMissingComponent: [M:Rock.Messaging.MessagingScenarioExtensions.Start(Rock.Messaging.IReceiver)] Missing &lt;summary&gt; documentation [c:\temp\sandcastle\working\BuildReferenceTopics.proj]
BuildAssembler : warning : ShowMissingComponent: [M:Rock.Messaging.MessagingScenarioExtensions.Start(Rock.Messaging.IReceiver)] Missing &lt;param name=&quot;source&quot;/&gt; documentation [c:\temp\sandcastle\working\BuildReferenceTopics.proj]
BuildAssembler : warning : ShowMissingComponent: [T:Rock.Messaging.MessagingScenarioFactory] Missing &lt;summary&gt; documentation [c:\temp\sandcastle\working\BuildReferenceTopics.proj]
BuildAssembler : warning : ShowMissingComponent: [M:Rock.Messaging.MessagingScenarioFactory.CreateQueueConsumer(System.String)] Missing &lt;summary&gt; documentation [c:\temp\sandcastle\working\BuildReferenceTopics.proj]
BuildAssembler : warning : ShowMissingComponent: [M:Rock.Messaging.MessagingScenarioFactory.CreateQueueConsumer(System.String)] Missing &lt;returns&gt; documentation [c:\temp\sandcastle\working\BuildReferenceTopics.proj]
BuildAssembler : warning : ShowMissingComponent: [M:Rock.Messaging.MessagingScenarioFactory.CreateQueueConsumer(System.String)] Missing &lt;param name=&quot;name&quot;/&gt; documentation [c:\temp\sandcastle\working\BuildReferenceTopics.proj]
BuildAssembler : warning : ShowMissingComponent: [M:Rock.Messaging.MessagingScenarioFactory.CreateQueueProducer(System.String)] Missing &lt;summary&gt; documentation [c:\temp\sandcastle\working\BuildReferenceTopics.proj]
BuildAssembler : warning : ShowMissingComponent: [M:Rock.Messaging.MessagingScenarioFactory.CreateQueueProducer(System.String)] Missing &lt;returns&gt; documentation [c:\temp\sandcastle\working\BuildReferenceTopics.proj]
BuildAssembler : warning : ShowMissingComponent: [M:Rock.Messaging.MessagingScenarioFactory.CreateQueueProducer(System.String)] Missing &lt;param name=&quot;name&quot;/&gt; documentation [c:\temp\sandcastle\working\BuildReferenceTopics.proj]
BuildAssembler : warning : ShowMissingComponent: [M:Rock.Messaging.MessagingScenarioFactory.CreateTopicPublisher(System.String)] Missing &lt;summary&gt; documentation [c:\temp\sandcastle\working\BuildReferenceTopics.proj]
BuildAssembler : warning : ShowMissingComponent: [M:Rock.Messaging.MessagingScenarioFactory.CreateTopicPublisher(System.String)] Missing &lt;returns&gt; documentation [c:\temp\sandcastle\working\BuildReferenceTopics.proj]
BuildAssembler : warning : ShowMissingComponent: [M:Rock.Messaging.MessagingScenarioFactory.CreateTopicPublisher(System.String)] Missing &lt;param name=&quot;name&quot;/&gt; documentation [c:\temp\sandcastle\working\BuildReferenceTopics.proj]
BuildAssembler : warning : ShowMissingComponent: [M:Rock.Messaging.MessagingScenarioFactory.CreateTopicSubscriber(System.String)] Missing &lt;summary&gt; documentation [c:\temp\sandcastle\working\BuildReferenceTopics.proj]
BuildAssembler : warning : ShowMissingComponent: [M:Rock.Messaging.MessagingScenarioFactory.CreateTopicSubscriber(System.String)] Missing &lt;returns&gt; documentation [c:\temp\sandcastle\working\BuildReferenceTopics.proj]
BuildAssembler : warning : ShowMissingComponent: [M:Rock.Messaging.MessagingScenarioFactory.CreateTopicSubscriber(System.String)] Missing &lt;param name=&quot;name&quot;/&gt; documentation [c:\temp\sandcastle\working\BuildReferenceTopics.proj]
BuildAssembler : warning : ShowMissingComponent: [P:Rock.Messaging.MessagingScenarioFactory.Current] Missing &lt;summary&gt; documentation [c:\temp\sandcastle\working\BuildReferenceTopics.proj]
BuildAssembler : warning : ShowMissingComponent: [M:Rock.Messaging.MessagingScenarioFactory.SetCurrent(Rock.Messaging.IMessagingScenarioFactory)] Missing &lt;summary&gt; documentation [c:\temp\sandcastle\working\BuildReferenceTopics.proj]
BuildAssembler : warning : ShowMissingComponent: [M:Rock.Messaging.MessagingScenarioFactory.SetCurrent(Rock.Messaging.IMessagingScenarioFactory)] Missing &lt;param name=&quot;messagingScenarioFactory&quot;/&gt; documentation [c:\temp\sandcastle\working\BuildReferenceTopics.proj]
BuildAssembler : warning : ShowMissingComponent: [T:Rock.Messaging.MessagingScenarioFactoryProxy] Missing &lt;summary&gt; documentation [c:\temp\sandcastle\working\BuildReferenceTopics.proj]
BuildAssembler : warning : ResolveReferenceLinksComponent: [T:Rock.Messaging.MessagingScenarioFactoryProxy] Unknown reference link target &#39;T:Rock.Serialization.XmlDeserializationProxy`1&#39;. [c:\temp\sandcastle\working\BuildReferenceTopics.proj]
BuildAssembler : warning : ResolveReferenceLinksComponent: [T:Rock.Messaging.MessagingScenarioFactoryProxy] Unknown reference link target &#39;M:Rock.Serialization.XmlDeserializationProxy`1.CreateInstance&#39;. [c:\temp\sandcastle\working\BuildReferenceTopics.proj]
BuildAssembler : warning : ResolveReferenceLinksComponent: [T:Rock.Messaging.MessagingScenarioFactoryProxy] Unknown reference link target &#39;T:Rock.Serialization.XmlDeserializationProxy`1&#39;. [c:\temp\sandcastle\working\BuildReferenceTopics.proj]
BuildAssembler : warning : ResolveReferenceLinksComponent: [T:Rock.Messaging.MessagingScenarioFactoryProxy] Unknown reference link target &#39;M:Rock.Serialization.XmlDeserializationProxy`1.CreateInstance(Rock.DependencyInjection.IResolver)&#39;. [c:\temp\sandcastle\working\BuildReferenceTopics.proj]
BuildAssembler : warning : ResolveReferenceLinksComponent: [T:Rock.Messaging.MessagingScenarioFactoryProxy] Unknown reference link target &#39;T:Rock.Serialization.XmlDeserializationProxy`1&#39;. [c:\temp\sandcastle\working\BuildReferenceTopics.proj]
BuildAssembler : warning : ResolveReferenceLinksComponent: [T:Rock.Messaging.MessagingScenarioFactoryProxy] Unknown reference link target &#39;P:Rock.Serialization.XmlDeserializationProxy`1.AdditionalAttributes&#39;. [c:\temp\sandcastle\working\BuildReferenceTopics.proj]
BuildAssembler : warning : ResolveReferenceLinksComponent: [T:Rock.Messaging.MessagingScenarioFactoryProxy] Unknown reference link target &#39;T:Rock.Serialization.XmlDeserializationProxy`1&#39;. [c:\temp\sandcastle\working\BuildReferenceTopics.proj]
BuildAssembler : warning : ResolveReferenceLinksComponent: [T:Rock.Messaging.MessagingScenarioFactoryProxy] Unknown reference link target &#39;P:Rock.Serialization.XmlDeserializationProxy`1.AdditionalElements&#39;. [c:\temp\sandcastle\working\BuildReferenceTopics.proj]
BuildAssembler : warning : ResolveReferenceLinksComponent: [T:Rock.Messaging.MessagingScenarioFactoryProxy] Unknown reference link target &#39;T:Rock.Serialization.XmlDeserializationProxy`1&#39;. [c:\temp\sandcastle\working\BuildReferenceTopics.proj]
BuildAssembler : warning : ResolveReferenceLinksComponent: [T:Rock.Messaging.MessagingScenarioFactoryProxy] Unknown reference link target &#39;P:Rock.Serialization.XmlDeserializationProxy`1.TypeAssemblyQualifiedName&#39;. [c:\temp\sandcastle\working\BuildReferenceTopics.proj]
BuildAssembler : warning : ResolveReferenceLinksComponent: [T:Rock.Messaging.MessagingScenarioFactoryProxy] Unknown reference link target &#39;T:Rock.Serialization.XmlDeserializationProxy`1&#39;. [c:\temp\sandcastle\working\BuildReferenceTopics.proj]
BuildAssembler : warning : ResolveReferenceLinksComponent: [Methods.T:Rock.Messaging.MessagingScenarioFactoryProxy] Unknown reference link target &#39;M:Rock.Serialization.XmlDeserializationProxy`1.CreateInstance&#39;. [c:\temp\sandcastle\working\BuildReferenceTopics.proj]
BuildAssembler : warning : ResolveReferenceLinksComponent: [Methods.T:Rock.Messaging.MessagingScenarioFactoryProxy] Unknown reference link target &#39;T:Rock.Serialization.XmlDeserializationProxy`1&#39;. [c:\temp\sandcastle\working\BuildReferenceTopics.proj]
BuildAssembler : warning : ResolveReferenceLinksComponent: [Methods.T:Rock.Messaging.MessagingScenarioFactoryProxy] Unknown reference link target &#39;M:Rock.Serialization.XmlDeserializationProxy`1.CreateInstance(Rock.DependencyInjection.IResolver)&#39;. [c:\temp\sandcastle\working\BuildReferenceTopics.proj]
BuildAssembler : warning : ResolveReferenceLinksComponent: [Methods.T:Rock.Messaging.MessagingScenarioFactoryProxy] Unknown reference link target &#39;T:Rock.Serialization.XmlDeserializationProxy`1&#39;. [c:\temp\sandcastle\working\BuildReferenceTopics.proj]
BuildAssembler : warning : ResolveReferenceLinksComponent: [Properties.T:Rock.Messaging.MessagingScenarioFactoryProxy] Unknown reference link target &#39;P:Rock.Serialization.XmlDeserializationProxy`1.AdditionalAttributes&#39;. [c:\temp\sandcastle\working\BuildReferenceTopics.proj]
BuildAssembler : warning : ResolveReferenceLinksComponent: [Properties.T:Rock.Messaging.MessagingScenarioFactoryProxy] Unknown reference link target &#39;T:Rock.Serialization.XmlDeserializationProxy`1&#39;. [c:\temp\sandcastle\working\BuildReferenceTopics.proj]
BuildAssembler : warning : ResolveReferenceLinksComponent: [Properties.T:Rock.Messaging.MessagingScenarioFactoryProxy] Unknown reference link target &#39;P:Rock.Serialization.XmlDeserializationProxy`1.AdditionalElements&#39;. [c:\temp\sandcastle\working\BuildReferenceTopics.proj]
BuildAssembler : warning : ResolveReferenceLinksComponent: [Properties.T:Rock.Messaging.MessagingScenarioFactoryProxy] Unknown reference link target &#39;T:Rock.Serialization.XmlDeserializationProxy`1&#39;. [c:\temp\sandcastle\working\BuildReferenceTopics.proj]
BuildAssembler : warning : ResolveReferenceLinksComponent: [Properties.T:Rock.Messaging.MessagingScenarioFactoryProxy] Unknown reference link target &#39;P:Rock.Serialization.XmlDeserializationProxy`1.TypeAssemblyQualifiedName&#39;. [c:\temp\sandcastle\working\BuildReferenceTopics.proj]
BuildAssembler : warning : ResolveReferenceLinksComponent: [Properties.T:Rock.Messaging.MessagingScenarioFactoryProxy] Unknown reference link target &#39;T:Rock.Serialization.XmlDeserializationProxy`1&#39;. [c:\temp\sandcastle\working\BuildReferenceTopics.proj]
BuildAssembler : warning : ShowMissingComponent: [T:Rock.Messaging.MessagingSectionHandler] Missing &lt;summary&gt; documentation [c:\temp\sandcastle\working\BuildReferenceTopics.proj]
BuildAssembler : warning : ResolveReferenceLinksComponent: [T:Rock.Messaging.MessagingSectionHandler] Unknown reference link target &#39;T:Rock.Configuration.XmlSerializerSectionHandler&#39;. [c:\temp\sandcastle\working\BuildReferenceTopics.proj]
BuildAssembler : warning : ResolveReferenceLinksComponent: [T:Rock.Messaging.MessagingSectionHandler] Unknown reference link target &#39;T:Rock.Configuration.XmlSerializerSectionHandler`1&#39;. [c:\temp\sandcastle\working\BuildReferenceTopics.proj]
BuildAssembler : warning : ResolveReferenceLinksComponent: [T:Rock.Messaging.MessagingSectionHandler] Unknown reference link target &#39;M:Rock.Configuration.XmlSerializerSectionHandler.Create(System.Object,System.Object,System.Xml.XmlNode)&#39;. [c:\temp\sandcastle\working\BuildReferenceTopics.proj]
BuildAssembler : warning : ResolveReferenceLinksComponent: [T:Rock.Messaging.MessagingSectionHandler] Unknown reference link target &#39;T:Rock.Configuration.XmlSerializerSectionHandler&#39;. [c:\temp\sandcastle\working\BuildReferenceTopics.proj]
BuildAssembler : warning : ResolveReferenceLinksComponent: [T:Rock.Messaging.MessagingSectionHandler] Unknown reference link target &#39;M:Rock.Configuration.XmlSerializerSectionHandler.Deserialize(System.Xml.XmlNode,System.Type)&#39;. [c:\temp\sandcastle\working\BuildReferenceTopics.proj]
BuildAssembler : warning : ResolveReferenceLinksComponent: [T:Rock.Messaging.MessagingSectionHandler] Unknown reference link target &#39;T:Rock.Configuration.XmlSerializerSectionHandler&#39;. [c:\temp\sandcastle\working\BuildReferenceTopics.proj]
BuildAssembler : warning : ResolveReferenceLinksComponent: [T:Rock.Messaging.MessagingSectionHandler] Unknown reference link target &#39;M:Rock.Configuration.XmlSerializerSectionHandler`1.GetConfigType(System.Xml.XmlNode)&#39;. [c:\temp\sandcastle\working\BuildReferenceTopics.proj]
BuildAssembler : warning : ResolveReferenceLinksComponent: [T:Rock.Messaging.MessagingSectionHandler] Unknown reference link target &#39;T:Rock.Configuration.XmlSerializerSectionHandler`1&#39;. [c:\temp\sandcastle\working\BuildReferenceTopics.proj]
BuildAssembler : warning : ResolveReferenceLinksComponent: [Methods.T:Rock.Messaging.MessagingSectionHandler] Unknown reference link target &#39;M:Rock.Configuration.XmlSerializerSectionHandler.Create(System.Object,System.Object,System.Xml.XmlNode)&#39;. [c:\temp\sandcastle\working\BuildReferenceTopics.proj]
BuildAssembler : warning : ResolveReferenceLinksComponent: [Methods.T:Rock.Messaging.MessagingSectionHandler] Unknown reference link target &#39;T:Rock.Configuration.XmlSerializerSectionHandler&#39;. [c:\temp\sandcastle\working\BuildReferenceTopics.proj]
BuildAssembler : warning : ResolveReferenceLinksComponent: [Methods.T:Rock.Messaging.MessagingSectionHandler] Unknown reference link target &#39;M:Rock.Configuration.XmlSerializerSectionHandler.Deserialize(System.Xml.XmlNode,System.Type)&#39;. [c:\temp\sandcastle\working\BuildReferenceTopics.proj]
BuildAssembler : warning : ResolveReferenceLinksComponent: [Methods.T:Rock.Messaging.MessagingSectionHandler] Unknown reference link target &#39;T:Rock.Configuration.XmlSerializerSectionHandler&#39;. [c:\temp\sandcastle\working\BuildReferenceTopics.proj]
BuildAssembler : warning : ResolveReferenceLinksComponent: [Methods.T:Rock.Messaging.MessagingSectionHandler] Unknown reference link target &#39;M:Rock.Configuration.XmlSerializerSectionHandler`1.GetConfigType(System.Xml.XmlNode)&#39;. [c:\temp\sandcastle\working\BuildReferenceTopics.proj]
BuildAssembler : warning : ResolveReferenceLinksComponent: [Methods.T:Rock.Messaging.MessagingSectionHandler] Unknown reference link target &#39;T:Rock.Configuration.XmlSerializerSectionHandler`1&#39;. [c:\temp\sandcastle\working\BuildReferenceTopics.proj]
BuildAssembler : warning : ShowMissingComponent: [T:Rock.Messaging.ReceiverMessageExtensions] Missing &lt;summary&gt; documentation [c:\temp\sandcastle\working\BuildReferenceTopics.proj]
BuildAssembler : warning : ShowMissingComponent: [M:Rock.Messaging.ReceiverMessageExtensions.GetBinaryValue(Rock.Messaging.IReceiverMessage)] Missing &lt;summary&gt; documentation [c:\temp\sandcastle\working\BuildReferenceTopics.proj]
BuildAssembler : warning : ShowMissingComponent: [M:Rock.Messaging.ReceiverMessageExtensions.GetBinaryValue(Rock.Messaging.IReceiverMessage)] Missing &lt;returns&gt; documentation [c:\temp\sandcastle\working\BuildReferenceTopics.proj]
BuildAssembler : warning : ShowMissingComponent: [M:Rock.Messaging.ReceiverMessageExtensions.GetBinaryValue(Rock.Messaging.IReceiverMessage)] Missing &lt;param name=&quot;source&quot;/&gt; documentation [c:\temp\sandcastle\working\BuildReferenceTopics.proj]
BuildAssembler : warning : ShowMissingComponent: [M:Rock.Messaging.ReceiverMessageExtensions.GetHeaderValue(Rock.Messaging.IReceiverMessage,System.String)] Missing &lt;summary&gt; documentation [c:\temp\sandcastle\working\BuildReferenceTopics.proj]
BuildAssembler : warning : ShowMissingComponent: [M:Rock.Messaging.ReceiverMessageExtensions.GetHeaderValue(Rock.Messaging.IReceiverMessage,System.String)] Missing &lt;returns&gt; documentation [c:\temp\sandcastle\working\BuildReferenceTopics.proj]
BuildAssembler : warning : ShowMissingComponent: [M:Rock.Messaging.ReceiverMessageExtensions.GetHeaderValue(Rock.Messaging.IReceiverMessage,System.String)] Missing &lt;param name=&quot;source&quot;/&gt; documentation [c:\temp\sandcastle\working\BuildReferenceTopics.proj]
BuildAssembler : warning : ShowMissingComponent: [M:Rock.Messaging.ReceiverMessageExtensions.GetHeaderValue(Rock.Messaging.IReceiverMessage,System.String)] Missing &lt;param name=&quot;key&quot;/&gt; documentation [c:\temp\sandcastle\working\BuildReferenceTopics.proj]
BuildAssembler : warning : ShowMissingComponent: [M:Rock.Messaging.ReceiverMessageExtensions.GetStringValue(Rock.Messaging.IReceiverMessage)] Missing &lt;summary&gt; documentation [c:\temp\sandcastle\working\BuildReferenceTopics.proj]
BuildAssembler : warning : ShowMissingComponent: [M:Rock.Messaging.ReceiverMessageExtensions.GetStringValue(Rock.Messaging.IReceiverMessage)] Missing &lt;returns&gt; documentation [c:\temp\sandcastle\working\BuildReferenceTopics.proj]
BuildAssembler : warning : ShowMissingComponent: [M:Rock.Messaging.ReceiverMessageExtensions.GetStringValue(Rock.Messaging.IReceiverMessage)] Missing &lt;param name=&quot;source&quot;/&gt; documentation [c:\temp\sandcastle\working\BuildReferenceTopics.proj]
BuildAssembler : warning : ShowMissingComponent: [T:Rock.Messaging.StringSenderMessage] Missing &lt;summary&gt; documentation [c:\temp\sandcastle\working\BuildReferenceTopics.proj]
BuildAssembler : warning : ShowMissingComponent: [M:Rock.Messaging.StringSenderMessage.#ctor(System.String,Rock.Messaging.MessageFormat,System.Text.Encoding)] Missing &lt;param name=&quot;stringValue&quot;/&gt; documentation [c:\temp\sandcastle\working\BuildReferenceTopics.proj]
BuildAssembler : warning : ShowMissingComponent: [M:Rock.Messaging.StringSenderMessage.#ctor(System.String,Rock.Messaging.MessageFormat,System.Text.Encoding)] Missing &lt;param name=&quot;messageFormat&quot;/&gt; documentation [c:\temp\sandcastle\working\BuildReferenceTopics.proj]
BuildAssembler : warning : ShowMissingComponent: [M:Rock.Messaging.StringSenderMessage.#ctor(System.String,Rock.Messaging.MessageFormat,System.Text.Encoding)] Missing &lt;param name=&quot;encoding&quot;/&gt; documentation [c:\temp\sandcastle\working\BuildReferenceTopics.proj]
BuildAssembler : warning : ShowMissingComponent: [M:Rock.Messaging.StringSenderMessage.#ctor(System.String,System.Text.Encoding)] Missing &lt;param name=&quot;stringValue&quot;/&gt; documentation [c:\temp\sandcastle\working\BuildReferenceTopics.proj]
BuildAssembler : warning : ShowMissingComponent: [M:Rock.Messaging.StringSenderMessage.#ctor(System.String,System.Text.Encoding)] Missing &lt;param name=&quot;encoding&quot;/&gt; documentation [c:\temp\sandcastle\working\BuildReferenceTopics.proj]
BuildAssembler : warning : ShowMissingComponent: [P:Rock.Messaging.StringSenderMessage.BinaryValue] Missing &lt;summary&gt; documentation [c:\temp\sandcastle\working\BuildReferenceTopics.proj]
BuildAssembler : warning : ShowMissingComponent: [P:Rock.Messaging.StringSenderMessage.Headers] Missing &lt;summary&gt; documentation [c:\temp\sandcastle\working\BuildReferenceTopics.proj]
BuildAssembler : warning : ShowMissingComponent: [P:Rock.Messaging.StringSenderMessage.MessageFormat] Missing &lt;summary&gt; documentation [c:\temp\sandcastle\working\BuildReferenceTopics.proj]
BuildAssembler : warning : ShowMissingComponent: [P:Rock.Messaging.StringSenderMessage.StringValue] Missing &lt;summary&gt; documentation [c:\temp\sandcastle\working\BuildReferenceTopics.proj]
BuildAssembler : warning : ShowMissingComponent: [T:Rock.Messaging.XmlSerializingRockMessagingConfiguration] Missing &lt;summary&gt; documentation [c:\temp\sandcastle\working\BuildReferenceTopics.proj]
BuildAssembler : warning : ShowMissingComponent: [P:Rock.Messaging.XmlSerializingRockMessagingConfiguration.FactoryProxy] Missing &lt;summary&gt; documentation [c:\temp\sandcastle\working\BuildReferenceTopics.proj]
BuildAssembler : warning : ShowMissingComponent: [P:Rock.Messaging.XmlSerializingRockMessagingConfiguration.MessagingScenarioFactory] Missing &lt;summary&gt; documentation [c:\temp\sandcastle\working\BuildReferenceTopics.proj]
BuildAssembler : warning : ShowMissingComponent: [N:Rock.Messaging.Configuration] Missing &lt;summary&gt; documentation [c:\temp\sandcastle\working\BuildReferenceTopics.proj]
BuildAssembler : warning : ShowMissingComponent: [T:Rock.Messaging.Configuration.IRockMessagingConfiguration] Missing &lt;summary&gt; documentation [c:\temp\sandcastle\working\BuildReferenceTopics.proj]
BuildAssembler : warning : ShowMissingComponent: [P:Rock.Messaging.Configuration.IRockMessagingConfiguration.MessagingScenarioFactory] Missing &lt;summary&gt; documentation [c:\temp\sandcastle\working\BuildReferenceTopics.proj]
BuildAssembler : warning : ShowMissingComponent: [N:Rock.Messaging.NamedPipes] Missing &lt;summary&gt; documentation [c:\temp\sandcastle\working\BuildReferenceTopics.proj]
BuildAssembler : warning : ShowMissingComponent: [T:Rock.Messaging.NamedPipes.INamedPipeConfig] Missing &lt;summary&gt; documentation [c:\temp\sandcastle\working\BuildReferenceTopics.proj]
BuildAssembler : warning : ShowMissingComponent: [P:Rock.Messaging.NamedPipes.INamedPipeConfig.PipeName] Missing &lt;summary&gt; documentation [c:\temp\sandcastle\working\BuildReferenceTopics.proj]
BuildAssembler : warning : ShowMissingComponent: [T:Rock.Messaging.NamedPipes.INamedPipeConfigProvider] Missing &lt;summary&gt; documentation [c:\temp\sandcastle\working\BuildReferenceTopics.proj]
BuildAssembler : warning : ShowMissingComponent: [M:Rock.Messaging.NamedPipes.INamedPipeConfigProvider.GetConfig(System.String)] Missing &lt;summary&gt; documentation [c:\temp\sandcastle\working\BuildReferenceTopics.proj]
BuildAssembler : warning : ShowMissingComponent: [M:Rock.Messaging.NamedPipes.INamedPipeConfigProvider.GetConfig(System.String)] Missing &lt;returns&gt; documentation [c:\temp\sandcastle\working\BuildReferenceTopics.proj]
BuildAssembler : warning : ShowMissingComponent: [M:Rock.Messaging.NamedPipes.INamedPipeConfigProvider.GetConfig(System.String)] Missing &lt;param name=&quot;name&quot;/&gt; documentation [c:\temp\sandcastle\working\BuildReferenceTopics.proj]
BuildAssembler : warning : ShowMissingComponent: [T:Rock.Messaging.NamedPipes.NamedPipeMessagingScenarioFactory] Missing &lt;summary&gt; documentation [c:\temp\sandcastle\working\BuildReferenceTopics.proj]
BuildAssembler : warning : ShowMissingComponent: [M:Rock.Messaging.NamedPipes.NamedPipeMessagingScenarioFactory.#ctor(Rock.Messaging.NamedPipes.INamedPipeConfigProvider,Rock.Serialization.ISerializer)] Missing &lt;param name=&quot;configProvider&quot;/&gt; documentation [c:\temp\sandcastle\working\BuildReferenceTopics.proj]
BuildAssembler : warning : ShowMissingComponent: [M:Rock.Messaging.NamedPipes.NamedPipeMessagingScenarioFactory.#ctor(Rock.Messaging.NamedPipes.INamedPipeConfigProvider,Rock.Serialization.ISerializer)] Missing &lt;param name=&quot;serializer&quot;/&gt; documentation [c:\temp\sandcastle\working\BuildReferenceTopics.proj]
BuildAssembler : warning : ResolveReferenceLinksComponent: [M:Rock.Messaging.NamedPipes.NamedPipeMessagingScenarioFactory.#ctor(Rock.Messaging.NamedPipes.INamedPipeConfigProvider,Rock.Serialization.ISerializer)] Unknown reference link target &#39;T:Rock.Serialization.ISerializer&#39;. [c:\temp\sandcastle\working\BuildReferenceTopics.proj]
BuildAssembler : warning : ShowMissingComponent: [M:Rock.Messaging.NamedPipes.NamedPipeMessagingScenarioFactory.CreateQueueConsumer(System.String)] Missing &lt;summary&gt; documentation [c:\temp\sandcastle\working\BuildReferenceTopics.proj]
BuildAssembler : warning : ShowMissingComponent: [M:Rock.Messaging.NamedPipes.NamedPipeMessagingScenarioFactory.CreateQueueConsumer(System.String)] Missing &lt;returns&gt; documentation [c:\temp\sandcastle\working\BuildReferenceTopics.proj]
BuildAssembler : warning : ShowMissingComponent: [M:Rock.Messaging.NamedPipes.NamedPipeMessagingScenarioFactory.CreateQueueConsumer(System.String)] Missing &lt;param name=&quot;name&quot;/&gt; documentation [c:\temp\sandcastle\working\BuildReferenceTopics.proj]
BuildAssembler : warning : ShowMissingComponent: [M:Rock.Messaging.NamedPipes.NamedPipeMessagingScenarioFactory.CreateQueueProducer(System.String)] Missing &lt;summary&gt; documentation [c:\temp\sandcastle\working\BuildReferenceTopics.proj]
BuildAssembler : warning : ShowMissingComponent: [M:Rock.Messaging.NamedPipes.NamedPipeMessagingScenarioFactory.CreateQueueProducer(System.String)] Missing &lt;returns&gt; documentation [c:\temp\sandcastle\working\BuildReferenceTopics.proj]
BuildAssembler : warning : ShowMissingComponent: [M:Rock.Messaging.NamedPipes.NamedPipeMessagingScenarioFactory.CreateQueueProducer(System.String)] Missing &lt;param name=&quot;name&quot;/&gt; documentation [c:\temp\sandcastle\working\BuildReferenceTopics.proj]
BuildAssembler : warning : ShowMissingComponent: [M:Rock.Messaging.NamedPipes.NamedPipeMessagingScenarioFactory.CreateTopicPublisher(System.String)] Missing &lt;summary&gt; documentation [c:\temp\sandcastle\working\BuildReferenceTopics.proj]
BuildAssembler : warning : ShowMissingComponent: [M:Rock.Messaging.NamedPipes.NamedPipeMessagingScenarioFactory.CreateTopicPublisher(System.String)] Missing &lt;returns&gt; documentation [c:\temp\sandcastle\working\BuildReferenceTopics.proj]
BuildAssembler : warning : ShowMissingComponent: [M:Rock.Messaging.NamedPipes.NamedPipeMessagingScenarioFactory.CreateTopicPublisher(System.String)] Missing &lt;param name=&quot;name&quot;/&gt; documentation [c:\temp\sandcastle\working\BuildReferenceTopics.proj]
BuildAssembler : warning : ShowMissingComponent: [M:Rock.Messaging.NamedPipes.NamedPipeMessagingScenarioFactory.CreateTopicSubscriber(System.String)] Missing &lt;summary&gt; documentation [c:\temp\sandcastle\working\BuildReferenceTopics.proj]
BuildAssembler : warning : ShowMissingComponent: [M:Rock.Messaging.NamedPipes.NamedPipeMessagingScenarioFactory.CreateTopicSubscriber(System.String)] Missing &lt;returns&gt; documentation [c:\temp\sandcastle\working\BuildReferenceTopics.proj]
BuildAssembler : warning : ShowMissingComponent: [M:Rock.Messaging.NamedPipes.NamedPipeMessagingScenarioFactory.CreateTopicSubscriber(System.String)] Missing &lt;param name=&quot;name&quot;/&gt; documentation [c:\temp\sandcastle\working\BuildReferenceTopics.proj]
BuildAssembler : warning : ShowMissingComponent: [P:Rock.Messaging.NamedPipes.NamedPipeMessagingScenarioFactory.DefaultConfigProvider] Missing &lt;summary&gt; documentation [c:\temp\sandcastle\working\BuildReferenceTopics.proj]
BuildAssembler : warning : ShowMissingComponent: [M:Rock.Messaging.NamedPipes.NamedPipeMessagingScenarioFactory.SetDefaultConfigProvider(Rock.Messaging.NamedPipes.INamedPipeConfigProvider)] Missing &lt;summary&gt; documentation [c:\temp\sandcastle\working\BuildReferenceTopics.proj]
BuildAssembler : warning : ShowMissingComponent: [M:Rock.Messaging.NamedPipes.NamedPipeMessagingScenarioFactory.SetDefaultConfigProvider(Rock.Messaging.NamedPipes.INamedPipeConfigProvider)] Missing &lt;param name=&quot;defaultConfigProvider&quot;/&gt; documentation [c:\temp\sandcastle\working\BuildReferenceTopics.proj]
BuildAssembler : warning : ShowMissingComponent: [T:Rock.Messaging.NamedPipes.NamedPipeQueueConsumer] Missing &lt;summary&gt; documentation [c:\temp\sandcastle\working\BuildReferenceTopics.proj]
BuildAssembler : warning : ShowMissingComponent: [M:Rock.Messaging.NamedPipes.NamedPipeQueueConsumer.#ctor(System.String,System.String,Rock.Serialization.ISerializer)] Missing &lt;param name=&quot;name&quot;/&gt; documentation [c:\temp\sandcastle\working\BuildReferenceTopics.proj]
BuildAssembler : warning : ShowMissingComponent: [M:Rock.Messaging.NamedPipes.NamedPipeQueueConsumer.#ctor(System.String,System.String,Rock.Serialization.ISerializer)] Missing &lt;param name=&quot;pipeName&quot;/&gt; documentation [c:\temp\sandcastle\working\BuildReferenceTopics.proj]
BuildAssembler : warning : ShowMissingComponent: [M:Rock.Messaging.NamedPipes.NamedPipeQueueConsumer.#ctor(System.String,System.String,Rock.Serialization.ISerializer)] Missing &lt;param name=&quot;serializer&quot;/&gt; documentation [c:\temp\sandcastle\working\BuildReferenceTopics.proj]
BuildAssembler : warning : ResolveReferenceLinksComponent: [M:Rock.Messaging.NamedPipes.NamedPipeQueueConsumer.#ctor(System.String,System.String,Rock.Serialization.ISerializer)] Unknown reference link target &#39;T:Rock.Serialization.ISerializer&#39;. [c:\temp\sandcastle\working\BuildReferenceTopics.proj]
BuildAssembler : warning : ShowMissingComponent: [E:Rock.Messaging.NamedPipes.NamedPipeQueueConsumer.MessageReceived] Missing &lt;summary&gt; documentation [c:\temp\sandcastle\working\BuildReferenceTopics.proj]
BuildAssembler : warning : ShowMissingComponent: [P:Rock.Messaging.NamedPipes.NamedPipeQueueConsumer.Name] Missing &lt;summary&gt; documentation [c:\temp\sandcastle\working\BuildReferenceTopics.proj]
BuildAssembler : warning : ShowMissingComponent: [M:Rock.Messaging.NamedPipes.NamedPipeQueueConsumer.Start(System.String)] Missing &lt;summary&gt; documentation [c:\temp\sandcastle\working\BuildReferenceTopics.proj]
BuildAssembler : warning : ShowMissingComponent: [M:Rock.Messaging.NamedPipes.NamedPipeQueueConsumer.Start(System.String)] Missing &lt;param name=&quot;selector&quot;/&gt; documentation [c:\temp\sandcastle\working\BuildReferenceTopics.proj]
BuildAssembler : warning : ShowMissingComponent: [T:Rock.Messaging.NamedPipes.NamedPipeQueueProducer] Missing &lt;summary&gt; documentation [c:\temp\sandcastle\working\BuildReferenceTopics.proj]
BuildAssembler : warning : ShowMissingComponent: [M:Rock.Messaging.NamedPipes.NamedPipeQueueProducer.#ctor(System.String,System.String,Rock.Serialization.ISerializer)] Missing &lt;param name=&quot;name&quot;/&gt; documentation [c:\temp\sandcastle\working\BuildReferenceTopics.proj]
BuildAssembler : warning : ShowMissingComponent: [M:Rock.Messaging.NamedPipes.NamedPipeQueueProducer.#ctor(System.String,System.String,Rock.Serialization.ISerializer)] Missing &lt;param name=&quot;pipeName&quot;/&gt; documentation [c:\temp\sandcastle\working\BuildReferenceTopics.proj]
BuildAssembler : warning : ShowMissingComponent: [M:Rock.Messaging.NamedPipes.NamedPipeQueueProducer.#ctor(System.String,System.String,Rock.Serialization.ISerializer)] Missing &lt;param name=&quot;serializer&quot;/&gt; documentation [c:\temp\sandcastle\working\BuildReferenceTopics.proj]
BuildAssembler : warning : ResolveReferenceLinksComponent: [M:Rock.Messaging.NamedPipes.NamedPipeQueueProducer.#ctor(System.String,System.String,Rock.Serialization.ISerializer)] Unknown reference link target &#39;T:Rock.Serialization.ISerializer&#39;. [c:\temp\sandcastle\working\BuildReferenceTopics.proj]
BuildAssembler : warning : ShowMissingComponent: [P:Rock.Messaging.NamedPipes.NamedPipeQueueProducer.Name] Missing &lt;summary&gt; documentation [c:\temp\sandcastle\working\BuildReferenceTopics.proj]
BuildAssembler : warning : ShowMissingComponent: [M:Rock.Messaging.NamedPipes.NamedPipeQueueProducer.Send(Rock.Messaging.ISenderMessage)] Missing &lt;summary&gt; documentation [c:\temp\sandcastle\working\BuildReferenceTopics.proj]
BuildAssembler : warning : ShowMissingComponent: [M:Rock.Messaging.NamedPipes.NamedPipeQueueProducer.Send(Rock.Messaging.ISenderMessage)] Missing &lt;param name=&quot;message&quot;/&gt; documentation [c:\temp\sandcastle\working\BuildReferenceTopics.proj]
BuildAssembler : warning : ShowMissingComponent: [T:Rock.Messaging.NamedPipes.NamedPipeReceiverMessage] Missing &lt;summary&gt; documentation [c:\temp\sandcastle\working\BuildReferenceTopics.proj]
BuildAssembler : warning : ShowMissingComponent: [M:Rock.Messaging.NamedPipes.NamedPipeReceiverMessage.Acknowledge] Missing &lt;summary&gt; documentation [c:\temp\sandcastle\working\BuildReferenceTopics.proj]
BuildAssembler : warning : ShowMissingComponent: [M:Rock.Messaging.NamedPipes.NamedPipeReceiverMessage.GetBinaryValue(System.Text.Encoding)] Missing &lt;summary&gt; documentation [c:\temp\sandcastle\working\BuildReferenceTopics.proj]
BuildAssembler : warning : ShowMissingComponent: [M:Rock.Messaging.NamedPipes.NamedPipeReceiverMessage.GetBinaryValue(System.Text.Encoding)] Missing &lt;returns&gt; documentation [c:\temp\sandcastle\working\BuildReferenceTopics.proj]
BuildAssembler : warning : ShowMissingComponent: [M:Rock.Messaging.NamedPipes.NamedPipeReceiverMessage.GetBinaryValue(System.Text.Encoding)] Missing &lt;param name=&quot;encoding&quot;/&gt; documentation [c:\temp\sandcastle\working\BuildReferenceTopics.proj]
BuildAssembler : warning : ShowMissingComponent: [M:Rock.Messaging.NamedPipes.NamedPipeReceiverMessage.GetHeaderValue(System.String,System.Text.Encoding)] Missing &lt;summary&gt; documentation [c:\temp\sandcastle\working\BuildReferenceTopics.proj]
BuildAssembler : warning : ShowMissingComponent: [M:Rock.Messaging.NamedPipes.NamedPipeReceiverMessage.GetHeaderValue(System.String,System.Text.Encoding)] Missing &lt;returns&gt; documentation [c:\temp\sandcastle\working\BuildReferenceTopics.proj]
BuildAssembler : warning : ShowMissingComponent: [M:Rock.Messaging.NamedPipes.NamedPipeReceiverMessage.GetHeaderValue(System.String,System.Text.Encoding)] Missing &lt;param name=&quot;key&quot;/&gt; documentation [c:\temp\sandcastle\working\BuildReferenceTopics.proj]
BuildAssembler : warning : ShowMissingComponent: [M:Rock.Messaging.NamedPipes.NamedPipeReceiverMessage.GetHeaderValue(System.String,System.Text.Encoding)] Missing &lt;param name=&quot;encoding&quot;/&gt; documentation [c:\temp\sandcastle\working\BuildReferenceTopics.proj]
BuildAssembler : warning : ShowMissingComponent: [M:Rock.Messaging.NamedPipes.NamedPipeReceiverMessage.GetStringValue(System.Text.Encoding)] Missing &lt;summary&gt; documentation [c:\temp\sandcastle\working\BuildReferenceTopics.proj]
BuildAssembler : warning : ShowMissingComponent: [M:Rock.Messaging.NamedPipes.NamedPipeReceiverMessage.GetStringValue(System.Text.Encoding)] Missing &lt;returns&gt; documentation [c:\temp\sandcastle\working\BuildReferenceTopics.proj]
BuildAssembler : warning : ShowMissingComponent: [M:Rock.Messaging.NamedPipes.NamedPipeReceiverMessage.GetStringValue(System.Text.Encoding)] Missing &lt;param name=&quot;encoding&quot;/&gt; documentation [c:\temp\sandcastle\working\BuildReferenceTopics.proj]
BuildAssembler : warning : ShowMissingComponent: [T:Rock.Messaging.NamedPipes.SimpleNamedPipeConfig] Missing &lt;summary&gt; documentation [c:\temp\sandcastle\working\BuildReferenceTopics.proj]
BuildAssembler : warning : ShowMissingComponent: [M:Rock.Messaging.NamedPipes.SimpleNamedPipeConfig.#ctor(System.String)] Missing &lt;param name=&quot;pipeName&quot;/&gt; documentation [c:\temp\sandcastle\working\BuildReferenceTopics.proj]
BuildAssembler : warning : ShowMissingComponent: [P:Rock.Messaging.NamedPipes.SimpleNamedPipeConfig.PipeName] Missing &lt;summary&gt; documentation [c:\temp\sandcastle\working\BuildReferenceTopics.proj]
BuildAssembler : warning : ShowMissingComponent: [T:Rock.Messaging.NamedPipes.SimpleNamedPipeConfigProvider] Missing &lt;summary&gt; documentation [c:\temp\sandcastle\working\BuildReferenceTopics.proj]
BuildAssembler : warning : ShowMissingComponent: [M:Rock.Messaging.NamedPipes.SimpleNamedPipeConfigProvider.GetConfig(System.String)] Missing &lt;summary&gt; documentation [c:\temp\sandcastle\working\BuildReferenceTopics.proj]
BuildAssembler : warning : ShowMissingComponent: [M:Rock.Messaging.NamedPipes.SimpleNamedPipeConfigProvider.GetConfig(System.String)] Missing &lt;returns&gt; documentation [c:\temp\sandcastle\working\BuildReferenceTopics.proj]
BuildAssembler : warning : ShowMissingComponent: [M:Rock.Messaging.NamedPipes.SimpleNamedPipeConfigProvider.GetConfig(System.String)] Missing &lt;param name=&quot;name&quot;/&gt; documentation [c:\temp\sandcastle\working\BuildReferenceTopics.proj]
BuildAssembler : warning : ShowMissingComponent: [N:Rock.Messaging.Routing] Missing &lt;summary&gt; documentation [c:\temp\sandcastle\working\BuildReferenceTopics.proj]
BuildAssembler : warning : ShowMissingComponent: [T:Rock.Messaging.Routing.AppDomainTypeLocator] Missing &lt;summary&gt; documentation [c:\temp\sandcastle\working\BuildReferenceTopics.proj]
BuildAssembler : warning : ShowMissingComponent: [M:Rock.Messaging.Routing.AppDomainTypeLocator.#ctor(Rock.Messaging.Routing.IMessageParser,System.AppDomain)] Missing &lt;param name=&quot;messageParser&quot;/&gt; documentation [c:\temp\sandcastle\working\BuildReferenceTopics.proj]
BuildAssembler : warning : ShowMissingComponent: [M:Rock.Messaging.Routing.AppDomainTypeLocator.#ctor(Rock.Messaging.Routing.IMessageParser,System.AppDomain)] Missing &lt;param name=&quot;appDomain&quot;/&gt; documentation [c:\temp\sandcastle\working\BuildReferenceTopics.proj]
BuildAssembler : warning : ShowMissingComponent: [M:Rock.Messaging.Routing.AppDomainTypeLocator.GetMessageHandlerType(System.Type)] Missing &lt;summary&gt; documentation [c:\temp\sandcastle\working\BuildReferenceTopics.proj]
BuildAssembler : warning : ShowMissingComponent: [M:Rock.Messaging.Routing.AppDomainTypeLocator.GetMessageHandlerType(System.Type)] Missing &lt;returns&gt; documentation [c:\temp\sandcastle\working\BuildReferenceTopics.proj]
BuildAssembler : warning : ShowMissingComponent: [M:Rock.Messaging.Routing.AppDomainTypeLocator.GetMessageHandlerType(System.Type)] Missing &lt;param name=&quot;messageType&quot;/&gt; documentation [c:\temp\sandcastle\working\BuildReferenceTopics.proj]
BuildAssembler : warning : ShowMissingComponent: [M:Rock.Messaging.Routing.AppDomainTypeLocator.GetMessageType(System.String)] Missing &lt;summary&gt; documentation [c:\temp\sandcastle\working\BuildReferenceTopics.proj]
BuildAssembler : warning : ShowMissingComponent: [M:Rock.Messaging.Routing.AppDomainTypeLocator.GetMessageType(System.String)] Missing &lt;returns&gt; documentation [c:\temp\sandcastle\working\BuildReferenceTopics.proj]
BuildAssembler : warning : ShowMissingComponent: [M:Rock.Messaging.Routing.AppDomainTypeLocator.GetMessageType(System.String)] Missing &lt;param name=&quot;typeName&quot;/&gt; documentation [c:\temp\sandcastle\working\BuildReferenceTopics.proj]
BuildAssembler : warning : ShowMissingComponent: [T:Rock.Messaging.Routing.DefaultMessageParser] Missing &lt;summary&gt; documentation [c:\temp\sandcastle\working\BuildReferenceTopics.proj]
BuildAssembler : warning : ShowMissingComponent: [P:Rock.Messaging.Routing.DefaultMessageParser.Current] Missing &lt;summary&gt; documentation [c:\temp\sandcastle\working\BuildReferenceTopics.proj]
BuildAssembler : warning : ShowMissingComponent: [M:Rock.Messaging.Routing.DefaultMessageParser.SetCurrent(Rock.Messaging.Routing.IMessageParser)] Missing &lt;summary&gt; documentation [c:\temp\sandcastle\working\BuildReferenceTopics.proj]
BuildAssembler : warning : ShowMissingComponent: [M:Rock.Messaging.Routing.DefaultMessageParser.SetCurrent(Rock.Messaging.Routing.IMessageParser)] Missing &lt;param name=&quot;messageParser&quot;/&gt; documentation [c:\temp\sandcastle\working\BuildReferenceTopics.proj]
BuildAssembler : warning : ShowMissingComponent: [T:Rock.Messaging.Routing.DefaultTypeLocator] Missing &lt;summary&gt; documentation [c:\temp\sandcastle\working\BuildReferenceTopics.proj]
BuildAssembler : warning : ShowMissingComponent: [P:Rock.Messaging.Routing.DefaultTypeLocator.Current] Missing &lt;summary&gt; documentation [c:\temp\sandcastle\working\BuildReferenceTopics.proj]
BuildAssembler : warning : ShowMissingComponent: [M:Rock.Messaging.Routing.DefaultTypeLocator.SetCurrent(Rock.Messaging.Routing.ITypeLocator)] Missing &lt;summary&gt; documentation [c:\temp\sandcastle\working\BuildReferenceTopics.proj]
BuildAssembler : warning : ShowMissingComponent: [M:Rock.Messaging.Routing.DefaultTypeLocator.SetCurrent(Rock.Messaging.Routing.ITypeLocator)] Missing &lt;param name=&quot;typeLocator&quot;/&gt; documentation [c:\temp\sandcastle\working\BuildReferenceTopics.proj]
BuildAssembler : warning : ShowMissingComponent: [T:Rock.Messaging.Routing.IMessageHandler`1] Missing &lt;summary&gt; documentation [c:\temp\sandcastle\working\BuildReferenceTopics.proj]
BuildAssembler : warning : ShowMissingComponent: [T:Rock.Messaging.Routing.IMessageHandler`1] Missing &lt;typeparam name=&quot;TMessage&quot;/&gt; documentation [c:\temp\sandcastle\working\BuildReferenceTopics.proj]
BuildAssembler : warning : ShowMissingComponent: [M:Rock.Messaging.Routing.IMessageHandler`1.Handle(`0)] Missing &lt;summary&gt; documentation [c:\temp\sandcastle\working\BuildReferenceTopics.proj]
BuildAssembler : warning : ShowMissingComponent: [M:Rock.Messaging.Routing.IMessageHandler`1.Handle(`0)] Missing &lt;returns&gt; documentation [c:\temp\sandcastle\working\BuildReferenceTopics.proj]
BuildAssembler : warning : ShowMissingComponent: [M:Rock.Messaging.Routing.IMessageHandler`1.Handle(`0)] Missing &lt;param name=&quot;message&quot;/&gt; documentation [c:\temp\sandcastle\working\BuildReferenceTopics.proj]
BuildAssembler : warning : ShowMissingComponent: [T:Rock.Messaging.Routing.IMessageParser] Missing &lt;summary&gt; documentation [c:\temp\sandcastle\working\BuildReferenceTopics.proj]
BuildAssembler : warning : ShowMissingComponent: [M:Rock.Messaging.Routing.IMessageParser.DeserializeMessage``1(System.String)] Missing &lt;summary&gt; documentation [c:\temp\sandcastle\working\BuildReferenceTopics.proj]
BuildAssembler : warning : ShowMissingComponent: [M:Rock.Messaging.Routing.IMessageParser.DeserializeMessage``1(System.String)] Missing &lt;typeparam name=&quot;TMessage&quot;/&gt; documentation [c:\temp\sandcastle\working\BuildReferenceTopics.proj]
BuildAssembler : warning : ShowMissingComponent: [M:Rock.Messaging.Routing.IMessageParser.DeserializeMessage``1(System.String)] Missing &lt;returns&gt; documentation [c:\temp\sandcastle\working\BuildReferenceTopics.proj]
BuildAssembler : warning : ShowMissingComponent: [M:Rock.Messaging.Routing.IMessageParser.DeserializeMessage``1(System.String)] Missing &lt;param name=&quot;rawMessage&quot;/&gt; documentation [c:\temp\sandcastle\working\BuildReferenceTopics.proj]
BuildAssembler : warning : ShowMissingComponent: [M:Rock.Messaging.Routing.IMessageParser.GetTypeName(System.String)] Missing &lt;summary&gt; documentation [c:\temp\sandcastle\working\BuildReferenceTopics.proj]
BuildAssembler : warning : ShowMissingComponent: [M:Rock.Messaging.Routing.IMessageParser.GetTypeName(System.String)] Missing &lt;returns&gt; documentation [c:\temp\sandcastle\working\BuildReferenceTopics.proj]
BuildAssembler : warning : ShowMissingComponent: [M:Rock.Messaging.Routing.IMessageParser.GetTypeName(System.String)] Missing &lt;param name=&quot;rawMessage&quot;/&gt; documentation [c:\temp\sandcastle\working\BuildReferenceTopics.proj]
BuildAssembler : warning : ShowMissingComponent: [M:Rock.Messaging.Routing.IMessageParser.GetTypeName(System.Type)] Missing &lt;summary&gt; documentation [c:\temp\sandcastle\working\BuildReferenceTopics.proj]
BuildAssembler : warning : ShowMissingComponent: [M:Rock.Messaging.Routing.IMessageParser.GetTypeName(System.Type)] Missing &lt;returns&gt; documentation [c:\temp\sandcastle\working\BuildReferenceTopics.proj]
BuildAssembler : warning : ShowMissingComponent: [M:Rock.Messaging.Routing.IMessageParser.GetTypeName(System.Type)] Missing &lt;param name=&quot;type&quot;/&gt; documentation [c:\temp\sandcastle\working\BuildReferenceTopics.proj]
BuildAssembler : warning : ShowMissingComponent: [T:Rock.Messaging.Routing.IMessageRouter] Missing &lt;summary&gt; documentation [c:\temp\sandcastle\working\BuildReferenceTopics.proj]
BuildAssembler : warning : ShowMissingComponent: [M:Rock.Messaging.Routing.IMessageRouter.Route(System.String,System.Action{Rock.Messaging.Routing.RouteResult})] Missing &lt;summary&gt; documentation [c:\temp\sandcastle\working\BuildReferenceTopics.proj]
BuildAssembler : warning : ShowMissingComponent: [M:Rock.Messaging.Routing.IMessageRouter.Route(System.String,System.Action{Rock.Messaging.Routing.RouteResult})] Missing &lt;param name=&quot;rawMessage&quot;/&gt; documentation [c:\temp\sandcastle\working\BuildReferenceTopics.proj]
BuildAssembler : warning : ShowMissingComponent: [M:Rock.Messaging.Routing.IMessageRouter.Route(System.String,System.Action{Rock.Messaging.Routing.RouteResult})] Missing &lt;param name=&quot;onComplete&quot;/&gt; documentation [c:\temp\sandcastle\working\BuildReferenceTopics.proj]
BuildAssembler : warning : ShowMissingComponent: [T:Rock.Messaging.Routing.ITypeLocator] Missing &lt;summary&gt; documentation [c:\temp\sandcastle\working\BuildReferenceTopics.proj]
BuildAssembler : warning : ShowMissingComponent: [M:Rock.Messaging.Routing.ITypeLocator.GetMessageHandlerType(System.Type)] Missing &lt;summary&gt; documentation [c:\temp\sandcastle\working\BuildReferenceTopics.proj]
BuildAssembler : warning : ShowMissingComponent: [M:Rock.Messaging.Routing.ITypeLocator.GetMessageHandlerType(System.Type)] Missing &lt;returns&gt; documentation [c:\temp\sandcastle\working\BuildReferenceTopics.proj]
BuildAssembler : warning : ShowMissingComponent: [M:Rock.Messaging.Routing.ITypeLocator.GetMessageHandlerType(System.Type)] Missing &lt;param name=&quot;messageType&quot;/&gt; documentation [c:\temp\sandcastle\working\BuildReferenceTopics.proj]
BuildAssembler : warning : ShowMissingComponent: [M:Rock.Messaging.Routing.ITypeLocator.GetMessageType(System.String)] Missing &lt;summary&gt; documentation [c:\temp\sandcastle\working\BuildReferenceTopics.proj]
BuildAssembler : warning : ShowMissingComponent: [M:Rock.Messaging.Routing.ITypeLocator.GetMessageType(System.String)] Missing &lt;returns&gt; documentation [c:\temp\sandcastle\working\BuildReferenceTopics.proj]
BuildAssembler : warning : ShowMissingComponent: [M:Rock.Messaging.Routing.ITypeLocator.GetMessageType(System.String)] Missing &lt;param name=&quot;typeName&quot;/&gt; documentation [c:\temp\sandcastle\working\BuildReferenceTopics.proj]
BuildAssembler : warning : ShowMissingComponent: [T:Rock.Messaging.Routing.MessageRouter] Missing &lt;summary&gt; documentation [c:\temp\sandcastle\working\BuildReferenceTopics.proj]
BuildAssembler : warning : ShowMissingComponent: [M:Rock.Messaging.Routing.MessageRouter.#ctor(Rock.Messaging.Routing.IMessageParser,Rock.Messaging.Routing.ITypeLocator,Rock.DependencyInjection.IResolver)] Missing &lt;param name=&quot;messageParser&quot;/&gt; documentation [c:\temp\sandcastle\working\BuildReferenceTopics.proj]
BuildAssembler : warning : ShowMissingComponent: [M:Rock.Messaging.Routing.MessageRouter.#ctor(Rock.Messaging.Routing.IMessageParser,Rock.Messaging.Routing.ITypeLocator,Rock.DependencyInjection.IResolver)] Missing &lt;param name=&quot;typeLocator&quot;/&gt; documentation [c:\temp\sandcastle\working\BuildReferenceTopics.proj]
BuildAssembler : warning : ShowMissingComponent: [M:Rock.Messaging.Routing.MessageRouter.#ctor(Rock.Messaging.Routing.IMessageParser,Rock.Messaging.Routing.ITypeLocator,Rock.DependencyInjection.IResolver)] Missing &lt;param name=&quot;resolver&quot;/&gt; documentation [c:\temp\sandcastle\working\BuildReferenceTopics.proj]
BuildAssembler : warning : ResolveReferenceLinksComponent: [M:Rock.Messaging.Routing.MessageRouter.#ctor(Rock.Messaging.Routing.IMessageParser,Rock.Messaging.Routing.ITypeLocator,Rock.DependencyInjection.IResolver)] Unknown reference link target &#39;T:Rock.DependencyInjection.IResolver&#39;. [c:\temp\sandcastle\working\BuildReferenceTopics.proj]
BuildAssembler : warning : ShowMissingComponent: [M:Rock.Messaging.Routing.MessageRouter.Route(System.String,System.Action{Rock.Messaging.Routing.RouteResult})] Missing &lt;summary&gt; documentation [c:\temp\sandcastle\working\BuildReferenceTopics.proj]
BuildAssembler : warning : ShowMissingComponent: [M:Rock.Messaging.Routing.MessageRouter.Route(System.String,System.Action{Rock.Messaging.Routing.RouteResult})] Missing &lt;param name=&quot;rawMessage&quot;/&gt; documentation [c:\temp\sandcastle\working\BuildReferenceTopics.proj]
BuildAssembler : warning : ShowMissingComponent: [M:Rock.Messaging.Routing.MessageRouter.Route(System.String,System.Action{Rock.Messaging.Routing.RouteResult})] Missing &lt;param name=&quot;onComplete&quot;/&gt; documentation [c:\temp\sandcastle\working\BuildReferenceTopics.proj]
BuildAssembler : warning : ShowMissingComponent: [T:Rock.Messaging.Routing.RouteResult] Missing &lt;summary&gt; documentation [c:\temp\sandcastle\working\BuildReferenceTopics.proj]
BuildAssembler : warning : ShowMissingComponent: [M:Rock.Messaging.Routing.RouteResult.#ctor(System.Exception)] Missing &lt;param name=&quot;exception&quot;/&gt; documentation [c:\temp\sandcastle\working\BuildReferenceTopics.proj]
BuildAssembler : warning : ShowMissingComponent: [M:Rock.Messaging.Routing.RouteResult.#ctor(System.Object,System.Object)] Missing &lt;param name=&quot;message&quot;/&gt; documentation [c:\temp\sandcastle\working\BuildReferenceTopics.proj]
BuildAssembler : warning : ShowMissingComponent: [M:Rock.Messaging.Routing.RouteResult.#ctor(System.Object,System.Object)] Missing &lt;param name=&quot;result&quot;/&gt; documentation [c:\temp\sandcastle\working\BuildReferenceTopics.proj]
BuildAssembler : warning : ShowMissingComponent: [P:Rock.Messaging.Routing.RouteResult.Exception] Missing &lt;summary&gt; documentation [c:\temp\sandcastle\working\BuildReferenceTopics.proj]
BuildAssembler : warning : ShowMissingComponent: [P:Rock.Messaging.Routing.RouteResult.Message] Missing &lt;summary&gt; documentation [c:\temp\sandcastle\working\BuildReferenceTopics.proj]
BuildAssembler : warning : ShowMissingComponent: [P:Rock.Messaging.Routing.RouteResult.Result] Missing &lt;summary&gt; documentation [c:\temp\sandcastle\working\BuildReferenceTopics.proj]
BuildAssembler : warning : ShowMissingComponent: [P:Rock.Messaging.Routing.RouteResult.Success] Missing &lt;summary&gt; documentation [c:\temp\sandcastle\working\BuildReferenceTopics.proj]
BuildAssembler : warning : ShowMissingComponent: [T:Rock.Messaging.Routing.XmlMessageParser] Missing &lt;summary&gt; documentation [c:\temp\sandcastle\working\BuildReferenceTopics.proj]
BuildAssembler : warning : ShowMissingComponent: [M:Rock.Messaging.Routing.XmlMessageParser.DeregisterXmlRoot(System.Type)] Missing &lt;summary&gt; documentation [c:\temp\sandcastle\working\BuildReferenceTopics.proj]
BuildAssembler : warning : ShowMissingComponent: [M:Rock.Messaging.Routing.XmlMessageParser.DeregisterXmlRoot(System.Type)] Missing &lt;param name=&quot;messageType&quot;/&gt; documentation [c:\temp\sandcastle\working\BuildReferenceTopics.proj]
BuildAssembler : warning : ShowMissingComponent: [M:Rock.Messaging.Routing.XmlMessageParser.DeserializeMessage``1(System.String)] Missing &lt;summary&gt; documentation [c:\temp\sandcastle\working\BuildReferenceTopics.proj]
BuildAssembler : warning : ShowMissingComponent: [M:Rock.Messaging.Routing.XmlMessageParser.DeserializeMessage``1(System.String)] Missing &lt;typeparam name=&quot;TMessage&quot;/&gt; documentation [c:\temp\sandcastle\working\BuildReferenceTopics.proj]
BuildAssembler : warning : ShowMissingComponent: [M:Rock.Messaging.Routing.XmlMessageParser.DeserializeMessage``1(System.String)] Missing &lt;returns&gt; documentation [c:\temp\sandcastle\working\BuildReferenceTopics.proj]
BuildAssembler : warning : ShowMissingComponent: [M:Rock.Messaging.Routing.XmlMessageParser.DeserializeMessage``1(System.String)] Missing &lt;param name=&quot;rawMessage&quot;/&gt; documentation [c:\temp\sandcastle\working\BuildReferenceTopics.proj]
BuildAssembler : warning : ShowMissingComponent: [M:Rock.Messaging.Routing.XmlMessageParser.GetTypeName(System.String)] Missing &lt;summary&gt; documentation [c:\temp\sandcastle\working\BuildReferenceTopics.proj]
BuildAssembler : warning : ShowMissingComponent: [M:Rock.Messaging.Routing.XmlMessageParser.GetTypeName(System.String)] Missing &lt;returns&gt; documentation [c:\temp\sandcastle\working\BuildReferenceTopics.proj]
BuildAssembler : warning : ShowMissingComponent: [M:Rock.Messaging.Routing.XmlMessageParser.GetTypeName(System.String)] Missing &lt;param name=&quot;rawMessage&quot;/&gt; documentation [c:\temp\sandcastle\working\BuildReferenceTopics.proj]
BuildAssembler : warning : ShowMissingComponent: [M:Rock.Messaging.Routing.XmlMessageParser.GetTypeName(System.Type)] Missing &lt;summary&gt; documentation [c:\temp\sandcastle\working\BuildReferenceTopics.proj]
BuildAssembler : warning : ShowMissingComponent: [M:Rock.Messaging.Routing.XmlMessageParser.GetTypeName(System.Type)] Missing &lt;returns&gt; documentation [c:\temp\sandcastle\working\BuildReferenceTopics.proj]
BuildAssembler : warning : ShowMissingComponent: [M:Rock.Messaging.Routing.XmlMessageParser.GetTypeName(System.Type)] Missing &lt;param name=&quot;messageType&quot;/&gt; documentation [c:\temp\sandcastle\working\BuildReferenceTopics.proj]
BuildAssembler : warning : ShowMissingComponent: [M:Rock.Messaging.Routing.XmlMessageParser.RegisterXmlRoot(System.Type,System.String)] Missing &lt;summary&gt; documentation [c:\temp\sandcastle\working\BuildReferenceTopics.proj]
BuildAssembler : warning : ShowMissingComponent: [M:Rock.Messaging.Routing.XmlMessageParser.RegisterXmlRoot(System.Type,System.String)] Missing &lt;param name=&quot;messageType&quot;/&gt; documentation [c:\temp\sandcastle\working\BuildReferenceTopics.proj]
BuildAssembler : warning : ShowMissingComponent: [M:Rock.Messaging.Routing.XmlMessageParser.RegisterXmlRoot(System.Type,System.String)] Missing &lt;param name=&quot;xmlRootElementName&quot;/&gt; documentation [c:\temp\sandcastle\working\BuildReferenceTopics.proj]
  Processed 204 topic(s)
  289 warning(s)
  CopyFromIndexComponent: &quot;reflection&quot; in-memory cache entries used: 5 of 15.
  CopyFromIndexComponent: &quot;comments&quot; in-memory cache entries used: 2 of 30.
  ResolveReferenceLinksComponent: New MSDN content ID cache size: 482 entries
Done Building Project &quot;c:\temp\sandcastle\working\BuildReferenceTopics.proj&quot; (default targets).

Build succeeded.

Time Elapsed 00:00:13.43
    Last step completed in 00:00:13.6417
</buildStep>
<buildStep step="CombiningIntermediateTocFiles">
Combining conceptual and API intermediate TOC files...

Clearing any prior web output
    Last step completed in 00:00:00.4214
</buildStep>
<buildStep step="ExtractingHtmlInfo">
Extracting HTML info for HTML Help 1 and/or website...
[C:\Windows\Microsoft.NET\Framework64\v4.0.30319\MSBuild.exe]
Sandcastle Help File Builder, version 2015.1.12.0
Copyright c 2006-2015, Eric Woodruff, All Rights Reserved
E-Mail: Eric@EWoodruff.us

Using LCID &#39;1033&#39;, code page &#39;65001&#39;, encoding charset &#39;UTF-8&#39;.

Processing website files in c:\temp\sandcastle\working\Output\Website
Processed 204 HTML files
Sorting keywords and generating See Also indices
Saving website keyword index to c:\temp\sandcastle\working\WebKI.xml
Saving website table of contents to c:\temp\sandcastle\working\WebTOC.xml
    Last step completed in 00:00:00.6556
</buildStep>
<buildStep step="CopyStandardHelpContent">
Copying standard help content...
Z:\dev\github\SHFB\SHFB\Deploy\PresentationStyles\VS2013\icons\AlertCaution.png -&gt; c:\temp\sandcastle\working\Output\Website\icons\AlertCaution.png
Z:\dev\github\SHFB\SHFB\Deploy\PresentationStyles\VS2013\icons\AlertNote.png -&gt; c:\temp\sandcastle\working\Output\Website\icons\AlertNote.png
Z:\dev\github\SHFB\SHFB\Deploy\PresentationStyles\VS2013\icons\AlertSecurity.png -&gt; c:\temp\sandcastle\working\Output\Website\icons\AlertSecurity.png
Z:\dev\github\SHFB\SHFB\Deploy\PresentationStyles\VS2013\icons\CFW.gif -&gt; c:\temp\sandcastle\working\Output\Website\icons\CFW.gif
Z:\dev\github\SHFB\SHFB\Deploy\PresentationStyles\VS2013\icons\CodeExample.png -&gt; c:\temp\sandcastle\working\Output\Website\icons\CodeExample.png
Z:\dev\github\SHFB\SHFB\Deploy\PresentationStyles\VS2013\icons\favicon.ico -&gt; c:\temp\sandcastle\working\Output\Website\icons\favicon.ico
Z:\dev\github\SHFB\SHFB\Deploy\PresentationStyles\VS2013\icons\privclass.gif -&gt; c:\temp\sandcastle\working\Output\Website\icons\privclass.gif
Z:\dev\github\SHFB\SHFB\Deploy\PresentationStyles\VS2013\icons\privdelegate.gif -&gt; c:\temp\sandcastle\working\Output\Website\icons\privdelegate.gif
Z:\dev\github\SHFB\SHFB\Deploy\PresentationStyles\VS2013\icons\privenumeration.gif -&gt; c:\temp\sandcastle\working\Output\Website\icons\privenumeration.gif
Z:\dev\github\SHFB\SHFB\Deploy\PresentationStyles\VS2013\icons\privevent.gif -&gt; c:\temp\sandcastle\working\Output\Website\icons\privevent.gif
Z:\dev\github\SHFB\SHFB\Deploy\PresentationStyles\VS2013\icons\privextension.gif -&gt; c:\temp\sandcastle\working\Output\Website\icons\privextension.gif
Z:\dev\github\SHFB\SHFB\Deploy\PresentationStyles\VS2013\icons\privfield.gif -&gt; c:\temp\sandcastle\working\Output\Website\icons\privfield.gif
Z:\dev\github\SHFB\SHFB\Deploy\PresentationStyles\VS2013\icons\privinterface.gif -&gt; c:\temp\sandcastle\working\Output\Website\icons\privinterface.gif
Z:\dev\github\SHFB\SHFB\Deploy\PresentationStyles\VS2013\icons\privmethod.gif -&gt; c:\temp\sandcastle\working\Output\Website\icons\privmethod.gif
Z:\dev\github\SHFB\SHFB\Deploy\PresentationStyles\VS2013\icons\privproperty.gif -&gt; c:\temp\sandcastle\working\Output\Website\icons\privproperty.gif
Z:\dev\github\SHFB\SHFB\Deploy\PresentationStyles\VS2013\icons\privstructure.gif -&gt; c:\temp\sandcastle\working\Output\Website\icons\privstructure.gif
Z:\dev\github\SHFB\SHFB\Deploy\PresentationStyles\VS2013\icons\protclass.gif -&gt; c:\temp\sandcastle\working\Output\Website\icons\protclass.gif
Z:\dev\github\SHFB\SHFB\Deploy\PresentationStyles\VS2013\icons\protdelegate.gif -&gt; c:\temp\sandcastle\working\Output\Website\icons\protdelegate.gif
Z:\dev\github\SHFB\SHFB\Deploy\PresentationStyles\VS2013\icons\protenumeration.gif -&gt; c:\temp\sandcastle\working\Output\Website\icons\protenumeration.gif
Z:\dev\github\SHFB\SHFB\Deploy\PresentationStyles\VS2013\icons\protevent.gif -&gt; c:\temp\sandcastle\working\Output\Website\icons\protevent.gif
Z:\dev\github\SHFB\SHFB\Deploy\PresentationStyles\VS2013\icons\protextension.gif -&gt; c:\temp\sandcastle\working\Output\Website\icons\protextension.gif
Z:\dev\github\SHFB\SHFB\Deploy\PresentationStyles\VS2013\icons\protfield.gif -&gt; c:\temp\sandcastle\working\Output\Website\icons\protfield.gif
Z:\dev\github\SHFB\SHFB\Deploy\PresentationStyles\VS2013\icons\protinterface.gif -&gt; c:\temp\sandcastle\working\Output\Website\icons\protinterface.gif
Z:\dev\github\SHFB\SHFB\Deploy\PresentationStyles\VS2013\icons\protmethod.gif -&gt; c:\temp\sandcastle\working\Output\Website\icons\protmethod.gif
Z:\dev\github\SHFB\SHFB\Deploy\PresentationStyles\VS2013\icons\protoperator.gif -&gt; c:\temp\sandcastle\working\Output\Website\icons\protoperator.gif
Z:\dev\github\SHFB\SHFB\Deploy\PresentationStyles\VS2013\icons\protproperty.gif -&gt; c:\temp\sandcastle\working\Output\Website\icons\protproperty.gif
Z:\dev\github\SHFB\SHFB\Deploy\PresentationStyles\VS2013\icons\protstructure.gif -&gt; c:\temp\sandcastle\working\Output\Website\icons\protstructure.gif
Z:\dev\github\SHFB\SHFB\Deploy\PresentationStyles\VS2013\icons\pubclass.gif -&gt; c:\temp\sandcastle\working\Output\Website\icons\pubclass.gif
Z:\dev\github\SHFB\SHFB\Deploy\PresentationStyles\VS2013\icons\pubdelegate.gif -&gt; c:\temp\sandcastle\working\Output\Website\icons\pubdelegate.gif
Z:\dev\github\SHFB\SHFB\Deploy\PresentationStyles\VS2013\icons\pubenumeration.gif -&gt; c:\temp\sandcastle\working\Output\Website\icons\pubenumeration.gif
Z:\dev\github\SHFB\SHFB\Deploy\PresentationStyles\VS2013\icons\pubevent.gif -&gt; c:\temp\sandcastle\working\Output\Website\icons\pubevent.gif
Z:\dev\github\SHFB\SHFB\Deploy\PresentationStyles\VS2013\icons\pubextension.gif -&gt; c:\temp\sandcastle\working\Output\Website\icons\pubextension.gif
Z:\dev\github\SHFB\SHFB\Deploy\PresentationStyles\VS2013\icons\pubfield.gif -&gt; c:\temp\sandcastle\working\Output\Website\icons\pubfield.gif
Z:\dev\github\SHFB\SHFB\Deploy\PresentationStyles\VS2013\icons\pubinterface.gif -&gt; c:\temp\sandcastle\working\Output\Website\icons\pubinterface.gif
Z:\dev\github\SHFB\SHFB\Deploy\PresentationStyles\VS2013\icons\pubmethod.gif -&gt; c:\temp\sandcastle\working\Output\Website\icons\pubmethod.gif
Z:\dev\github\SHFB\SHFB\Deploy\PresentationStyles\VS2013\icons\puboperator.gif -&gt; c:\temp\sandcastle\working\Output\Website\icons\puboperator.gif
Z:\dev\github\SHFB\SHFB\Deploy\PresentationStyles\VS2013\icons\pubproperty.gif -&gt; c:\temp\sandcastle\working\Output\Website\icons\pubproperty.gif
Z:\dev\github\SHFB\SHFB\Deploy\PresentationStyles\VS2013\icons\pubstructure.gif -&gt; c:\temp\sandcastle\working\Output\Website\icons\pubstructure.gif
Z:\dev\github\SHFB\SHFB\Deploy\PresentationStyles\VS2013\icons\SectionCollapsed.png -&gt; c:\temp\sandcastle\working\Output\Website\icons\SectionCollapsed.png
Z:\dev\github\SHFB\SHFB\Deploy\PresentationStyles\VS2013\icons\SectionExpanded.png -&gt; c:\temp\sandcastle\working\Output\Website\icons\SectionExpanded.png
Z:\dev\github\SHFB\SHFB\Deploy\PresentationStyles\VS2013\icons\slMobile.gif -&gt; c:\temp\sandcastle\working\Output\Website\icons\slMobile.gif
Z:\dev\github\SHFB\SHFB\Deploy\PresentationStyles\VS2013\icons\static.gif -&gt; c:\temp\sandcastle\working\Output\Website\icons\static.gif
Z:\dev\github\SHFB\SHFB\Deploy\PresentationStyles\VS2013\icons\xna.gif -&gt; c:\temp\sandcastle\working\Output\Website\icons\xna.gif
Z:\dev\github\SHFB\SHFB\Deploy\PresentationStyles\VS2013\scripts\branding.js -&gt; c:\temp\sandcastle\working\Output\Website\scripts\branding.js
Z:\dev\github\SHFB\SHFB\Deploy\PresentationStyles\VS2013\styles\branding-cs-CZ.css -&gt; c:\temp\sandcastle\working\Output\Website\styles\branding-cs-CZ.css
Z:\dev\github\SHFB\SHFB\Deploy\PresentationStyles\VS2013\styles\branding-de-DE.css -&gt; c:\temp\sandcastle\working\Output\Website\styles\branding-de-DE.css
Z:\dev\github\SHFB\SHFB\Deploy\PresentationStyles\VS2013\styles\branding-en-US.css -&gt; c:\temp\sandcastle\working\Output\Website\styles\branding-en-US.css
Z:\dev\github\SHFB\SHFB\Deploy\PresentationStyles\VS2013\styles\branding-es-ES.css -&gt; c:\temp\sandcastle\working\Output\Website\styles\branding-es-ES.css
Z:\dev\github\SHFB\SHFB\Deploy\PresentationStyles\VS2013\styles\branding-fr-FR.css -&gt; c:\temp\sandcastle\working\Output\Website\styles\branding-fr-FR.css
Z:\dev\github\SHFB\SHFB\Deploy\PresentationStyles\VS2013\styles\branding-Help1.css -&gt; c:\temp\sandcastle\working\Output\Website\styles\branding-Help1.css
Z:\dev\github\SHFB\SHFB\Deploy\PresentationStyles\VS2013\styles\branding-Help2.css -&gt; c:\temp\sandcastle\working\Output\Website\styles\branding-Help2.css
Z:\dev\github\SHFB\SHFB\Deploy\PresentationStyles\VS2013\styles\branding-HelpViewer.css -&gt; c:\temp\sandcastle\working\Output\Website\styles\branding-HelpViewer.css
Z:\dev\github\SHFB\SHFB\Deploy\PresentationStyles\VS2013\styles\branding-it-IT.css -&gt; c:\temp\sandcastle\working\Output\Website\styles\branding-it-IT.css
Z:\dev\github\SHFB\SHFB\Deploy\PresentationStyles\VS2013\styles\branding-ja-JP.css -&gt; c:\temp\sandcastle\working\Output\Website\styles\branding-ja-JP.css
Z:\dev\github\SHFB\SHFB\Deploy\PresentationStyles\VS2013\styles\branding-ko-KR.css -&gt; c:\temp\sandcastle\working\Output\Website\styles\branding-ko-KR.css
Z:\dev\github\SHFB\SHFB\Deploy\PresentationStyles\VS2013\styles\branding-pl-PL.css -&gt; c:\temp\sandcastle\working\Output\Website\styles\branding-pl-PL.css
Z:\dev\github\SHFB\SHFB\Deploy\PresentationStyles\VS2013\styles\branding-pt-BR.css -&gt; c:\temp\sandcastle\working\Output\Website\styles\branding-pt-BR.css
Z:\dev\github\SHFB\SHFB\Deploy\PresentationStyles\VS2013\styles\branding-ru-RU.css -&gt; c:\temp\sandcastle\working\Output\Website\styles\branding-ru-RU.css
Z:\dev\github\SHFB\SHFB\Deploy\PresentationStyles\VS2013\styles\branding-tr-TR.css -&gt; c:\temp\sandcastle\working\Output\Website\styles\branding-tr-TR.css
Z:\dev\github\SHFB\SHFB\Deploy\PresentationStyles\VS2013\styles\branding-Website.css -&gt; c:\temp\sandcastle\working\Output\Website\styles\branding-Website.css
Z:\dev\github\SHFB\SHFB\Deploy\PresentationStyles\VS2013\styles\branding-zh-CN.css -&gt; c:\temp\sandcastle\working\Output\Website\styles\branding-zh-CN.css
Z:\dev\github\SHFB\SHFB\Deploy\PresentationStyles\VS2013\styles\branding-zh-TW.css -&gt; c:\temp\sandcastle\working\Output\Website\styles\branding-zh-TW.css
Z:\dev\github\SHFB\SHFB\Deploy\PresentationStyles\VS2013\styles\branding.css -&gt; c:\temp\sandcastle\working\Output\Website\styles\branding.css
Z:\dev\github\SHFB\SHFB\Deploy\PresentationStyles\VS2013\Web\index.html -&gt; c:\temp\sandcastle\working\Output\Website\index.html
Z:\dev\github\SHFB\SHFB\Deploy\PresentationStyles\VS2013\Web\icons\Search.png -&gt; c:\temp\sandcastle\working\Output\Website\icons\Search.png
Z:\dev\github\SHFB\SHFB\Deploy\PresentationStyles\VS2013\Web\icons\TocClose.gif -&gt; c:\temp\sandcastle\working\Output\Website\icons\TocClose.gif
Z:\dev\github\SHFB\SHFB\Deploy\PresentationStyles\VS2013\Web\icons\TocCollapsed.gif -&gt; c:\temp\sandcastle\working\Output\Website\icons\TocCollapsed.gif
Z:\dev\github\SHFB\SHFB\Deploy\PresentationStyles\VS2013\Web\icons\TocExpanded.gif -&gt; c:\temp\sandcastle\working\Output\Website\icons\TocExpanded.gif
Z:\dev\github\SHFB\SHFB\Deploy\PresentationStyles\VS2013\Web\icons\TocOpen.gif -&gt; c:\temp\sandcastle\working\Output\Website\icons\TocOpen.gif
Z:\dev\github\SHFB\SHFB\Deploy\PresentationStyles\VS2013\Web\scripts\branding-Website.js -&gt; c:\temp\sandcastle\working\Output\Website\scripts\branding-Website.js
Z:\dev\github\SHFB\SHFB\Deploy\PresentationStyles\VS2013\Web\scripts\jquery-1.11.0.min.js -&gt; c:\temp\sandcastle\working\Output\Website\scripts\jquery-1.11.0.min.js
    Last step completed in 00:00:00.4839
</buildStep>
<buildStep step="GenerateHelpFormatTableOfContents">
Generating website table of contents file...
    Last step completed in 00:00:00.0156
</buildStep>
<buildStep step="GenerateFullTextIndex">
Generating full-text index for the website...

<plugIn name="Lightweight Website Style" behavior="After" priority="1000">
Adding lightweight search and TOC elements to each topic...
</plugIn>    Last step completed in 00:00:01.7169
</buildStep>
<buildStep step="CopyingWebsiteFiles">
Copying website files to output folder...

Copied 100 files
Copied 200 files
Copied 300 files
Copied 386 files for the website content
    Last step completed in 00:00:00.4526
</buildStep>
<buildStep step="CleanIntermediates">
Removing intermediate files...
    Last step completed in 00:00:00.1093
</buildStep>
<buildStep step="Completed">

Build completed successfully at 3/31/2015 2:14:45 PM.  Total time: 00:00:22.1326

</buildStep>
</shfbBuild>
